\BOOKMARK [0][-]{chapter*.1}{\376\377\000L\036\335\000i\000\040\000n\000\363\000i\000\040\001\021\036\247\000u}{}% 1
\BOOKMARK [0][-]{chapter.1}{\376\377\000N\036\331\000i\000\040\000d\000u\000n\000g\000\040\000c\000\341\000c\000\040\000t\000u\036\247\000n}{}% 2
\BOOKMARK [1][-]{section.1.1}{\376\377\000T\000u\036\247\000n\000\040\0001}{chapter.1}% 3
\BOOKMARK [2][-]{subsection.1.1.1}{\376\377\000B\000\340\000i\000\040\0001}{section.1.1}% 4
\BOOKMARK [2][-]{subsection.1.1.2}{\376\377\000B\000\340\000i\000\040\0002}{section.1.1}% 5
\BOOKMARK [2][-]{subsection.1.1.3}{\376\377\000B\000\340\000i\000\040\0003}{section.1.1}% 6
\BOOKMARK [1][-]{section.1.2}{\376\377\000T\000u\036\247\000n\000\040\0002}{chapter.1}% 7
\BOOKMARK [2][-]{subsection.1.2.1}{\376\377\000B\000\340\000i\000\040\0001}{section.1.2}% 8
\BOOKMARK [2][-]{subsection.1.2.2}{\376\377\000B\000\340\000i\000\040\0002}{section.1.2}% 9
\BOOKMARK [2][-]{subsection.1.2.3}{\376\377\000B\000\340\000i\000\040\0003}{section.1.2}% 10
\BOOKMARK [2][-]{subsection.1.2.4}{\376\377\000B\000\340\000i\000\040\0004}{section.1.2}% 11
\BOOKMARK [2][-]{subsection.1.2.5}{\376\377\000B\000\340\000i\000\040\0005}{section.1.2}% 12
\BOOKMARK [2][-]{subsection.1.2.6}{\376\377\000B\000\340\000i\000\040\0006}{section.1.2}% 13
\BOOKMARK [2][-]{subsection.1.2.7}{\376\377\000B\000\340\000i\000\040\0007}{section.1.2}% 14
\BOOKMARK [2][-]{subsection.1.2.8}{\376\377\000B\000\340\000i\000\040\0008}{section.1.2}% 15
\BOOKMARK [1][-]{section.1.3}{\376\377\000T\000u\036\247\000n\000\040\0003}{chapter.1}% 16
\BOOKMARK [2][-]{subsection.1.3.1}{\376\377\000B\000\340\000i\000\040\0001}{section.1.3}% 17
\BOOKMARK [2][-]{subsection.1.3.2}{\376\377\000B\000\340\000i\000\040\0002}{section.1.3}% 18
\BOOKMARK [1][-]{section.1.4}{\376\377\000T\000u\036\247\000n\000\040\0004}{chapter.1}% 19
\BOOKMARK [2][-]{subsection.1.4.1}{\376\377\000B\000\340\000i\000\040\0001\000\040\000v\000\340\000\040\0002}{section.1.4}% 20
\BOOKMARK [2][-]{subsection.1.4.2}{\376\377\000B\000\340\000i\000\040\0003}{section.1.4}% 21
\BOOKMARK [2][-]{subsection.1.4.3}{\376\377\000B\000\340\000i\000\040\0004}{section.1.4}% 22
\BOOKMARK [1][-]{section.1.5}{\376\377\000T\000u\036\247\000n\000\040\0005}{chapter.1}% 23
\BOOKMARK [2][-]{subsection.1.5.1}{\376\377\000B\000\340\000i\000\040\0001}{section.1.5}% 24
\BOOKMARK [2][-]{subsection.1.5.2}{\376\377\000B\000\340\000i\000\040\0002}{section.1.5}% 25
\BOOKMARK [2][-]{subsection.1.5.3}{\376\377\000B\000\340\000i\000\040\0003}{section.1.5}% 26
\BOOKMARK [2][-]{subsection.1.5.4}{\376\377\000B\000\340\000i\000\040\0004}{section.1.5}% 27
\BOOKMARK [2][-]{subsection.1.5.5}{\376\377\000B\000\340\000i\000\040\0005}{section.1.5}% 28
\BOOKMARK [1][-]{section.1.6}{\376\377\000T\000u\036\247\000n\000\040\0006}{chapter.1}% 29
\BOOKMARK [2][-]{subsection.1.6.1}{\376\377\000B\000\340\000i\000\040\0001}{section.1.6}% 30
\BOOKMARK [2][-]{subsection.1.6.2}{\376\377\000B\000\340\000i\000\040\0002}{section.1.6}% 31
\BOOKMARK [2][-]{subsection.1.6.3}{\376\377\000B\000\340\000i\000\040\0003}{section.1.6}% 32
\BOOKMARK [2][-]{subsection.1.6.4}{\376\377\000B\000\340\000i\000\040\0004}{section.1.6}% 33
\BOOKMARK [2][-]{subsection.1.6.5}{\376\377\000B\000\340\000i\000\040\0005\000\040\000v\000\340\000\040\0006}{section.1.6}% 34
\BOOKMARK [1][-]{section.1.7}{\376\377\000T\000u\036\247\000n\000\040\0007}{chapter.1}% 35
\BOOKMARK [2][-]{subsection.1.7.1}{\376\377\000B\000\340\000i\000\040\0001\000,\0002\000,\0003\000,\0004}{section.1.7}% 36
\BOOKMARK [2][-]{subsection.1.7.2}{\376\377\000B\000\340\000i\000\040\0005}{section.1.7}% 37
\BOOKMARK [2][-]{subsection.1.7.3}{\376\377\000B\000\340\000i\000\040\0006}{section.1.7}% 38
\BOOKMARK [2][-]{subsection.1.7.4}{\376\377\000B\000\340\000i\000\040\0007}{section.1.7}% 39
\BOOKMARK [1][-]{section.1.8}{\376\377\000T\000u\036\247\000n\000\040\0008}{chapter.1}% 40
\BOOKMARK [2][-]{subsection.1.8.1}{\376\377\000B\000\340\000i\000\040\0001}{section.1.8}% 41
\BOOKMARK [2][-]{subsection.1.8.2}{\376\377\000B\000\340\000i\000\040\0002}{section.1.8}% 42
\BOOKMARK [2][-]{subsection.1.8.3}{\376\377\000B\000\340\000i\000\040\0003}{section.1.8}% 43
\BOOKMARK [2][-]{subsection.1.8.4}{\376\377\000B\000\340\000i\000\040\0004}{section.1.8}% 44
\BOOKMARK [2][-]{subsection.1.8.5}{\376\377\000B\000\340\000i\000\040\0005}{section.1.8}% 45
\BOOKMARK [2][-]{subsection.1.8.6}{\376\377\000B\000\340\000i\000\040\0006}{section.1.8}% 46
\BOOKMARK [1][-]{section.1.9}{\376\377\000T\000u\036\247\000n\000\040\0009}{chapter.1}% 47
\BOOKMARK [2][-]{subsection.1.9.1}{\376\377\000B\000\340\000i\000\040\0001}{section.1.9}% 48
\BOOKMARK [2][-]{subsection.1.9.2}{\376\377\000B\000\340\000i\000\040\0002}{section.1.9}% 49
\BOOKMARK [2][-]{subsection.1.9.3}{\376\377\000B\000\340\000i\000\040\0003}{section.1.9}% 50
\BOOKMARK [2][-]{subsection.1.9.4}{\376\377\000B\000\340\000i\000\040\0004}{section.1.9}% 51
\BOOKMARK [2][-]{subsection.1.9.5}{\376\377\000B\000\340\000i\000\040\0005}{section.1.9}% 52
\BOOKMARK [0][-]{chapter.2}{\376\377\000K\036\277\000t\000\040\000l\000u\036\255\000n}{}% 53
\BOOKMARK [0][-]{chapter*.20}{\376\377\000T\000\340\000i\000\040\000l\000i\036\307\000u\000\040\000t\000h\000a\000m\000\040\000k\000h\036\243\000o}{}% 54
