This is pdfTeX, Version 3.141592653-2.6-1.40.23 (MiKTeX 21.8) (preloaded format=pdflatex 2021.8.12)  6 SEP 2021 21:48
entering extended mode
**./Report.tex
(Report.tex
LaTeX2e <2021-06-01> patch level 1
L3 programming layer <2021-07-12>
(C:\Users\Win 10\AppData\Local\Programs\MiKTeX\tex/latex/base\report.cls
Document Class: report 2021/02/12 v1.4n Standard LaTeX document class
(C:\Users\Win 10\AppData\Local\Programs\MiKTeX\tex/latex/base\size12.clo
File: size12.clo 2021/02/12 v1.4n Standard LaTeX file (size option)
)
\c@part=\count182
\c@chapter=\count183
\c@section=\count184
\c@subsection=\count185
\c@subsubsection=\count186
\c@paragraph=\count187
\c@subparagraph=\count188
\c@figure=\count189
\c@table=\count190
\abovecaptionskip=\skip47
\belowcaptionskip=\skip48
\bibindent=\dimen138
)
(C:\Users\Win 10\AppData\Local\Programs\MiKTeX\tex/latex/vntex\vietnam.sty
Package: vietnam 2009/07/12 v1.3 support for Vietnamese

(C:\Users\Win 10\AppData\Local\Programs\MiKTeX\tex/latex/base\ifthen.sty
Package: ifthen 2020/11/24 v1.1c Standard LaTeX ifthen package (DPC)
)
(C:\Users\Win 10\AppData\Local\Programs\MiKTeX\tex/latex/base\fontenc.sty
Package: fontenc 2021/04/29 v2.0v Standard LaTeX package

(C:\Users\Win 10\AppData\Local\Programs\MiKTeX\tex/latex/vntex\t5enc.def
File: t5enc.def 2006/11/21 v1.4 Vietnamese T5 encoding
Now handling font encoding T5 ...
... processing UTF-8 mapping file for font encoding T5

(C:\Users\Win 10\AppData\Local\Programs\MiKTeX\tex/latex/vntex\t5enc.dfu
File: t5enc.dfu 2006/08/19 v1.1 UTF8 support for Vietnamese
   defining Unicode char U+00AB (decimal 171)
   defining Unicode char U+00BB (decimal 187)
   defining Unicode char U+00C0 (decimal 192)
   defining Unicode char U+00C1 (decimal 193)
   defining Unicode char U+00C2 (decimal 194)
   defining Unicode char U+00C3 (decimal 195)
   defining Unicode char U+00C8 (decimal 200)
   defining Unicode char U+00C9 (decimal 201)
   defining Unicode char U+00CA (decimal 202)
   defining Unicode char U+00CC (decimal 204)
   defining Unicode char U+00CD (decimal 205)
   defining Unicode char U+00D2 (decimal 210)
   defining Unicode char U+00D3 (decimal 211)
   defining Unicode char U+00D4 (decimal 212)
   defining Unicode char U+00D5 (decimal 213)
   defining Unicode char U+00D9 (decimal 217)
   defining Unicode char U+00DA (decimal 218)
   defining Unicode char U+00DD (decimal 221)
   defining Unicode char U+00E0 (decimal 224)
   defining Unicode char U+00E1 (decimal 225)
   defining Unicode char U+00E2 (decimal 226)
   defining Unicode char U+00E3 (decimal 227)
   defining Unicode char U+00E8 (decimal 232)
   defining Unicode char U+00E9 (decimal 233)
   defining Unicode char U+00EA (decimal 234)
   defining Unicode char U+00EC (decimal 236)
   defining Unicode char U+00ED (decimal 237)
   defining Unicode char U+00F2 (decimal 242)
   defining Unicode char U+00F3 (decimal 243)
   defining Unicode char U+00F4 (decimal 244)
   defining Unicode char U+00F5 (decimal 245)
   defining Unicode char U+00F9 (decimal 249)
   defining Unicode char U+00FA (decimal 250)
   defining Unicode char U+00FD (decimal 253)
   defining Unicode char U+0102 (decimal 258)
   defining Unicode char U+0103 (decimal 259)
   defining Unicode char U+0110 (decimal 272)
   defining Unicode char U+0111 (decimal 273)
   defining Unicode char U+0128 (decimal 296)
   defining Unicode char U+0129 (decimal 297)
   defining Unicode char U+0131 (decimal 305)
   defining Unicode char U+0168 (decimal 360)
   defining Unicode char U+0169 (decimal 361)
   defining Unicode char U+01A0 (decimal 416)
   defining Unicode char U+01A1 (decimal 417)
   defining Unicode char U+01AF (decimal 431)
   defining Unicode char U+01B0 (decimal 432)
   defining Unicode char U+1EA0 (decimal 7840)
   defining Unicode char U+1EA1 (decimal 7841)
   defining Unicode char U+1EA2 (decimal 7842)
   defining Unicode char U+1EA3 (decimal 7843)
   defining Unicode char U+1EA4 (decimal 7844)
   defining Unicode char U+1EA5 (decimal 7845)
   defining Unicode char U+1EA6 (decimal 7846)
   defining Unicode char U+1EA7 (decimal 7847)
   defining Unicode char U+1EA8 (decimal 7848)
   defining Unicode char U+1EA9 (decimal 7849)
   defining Unicode char U+1EAA (decimal 7850)
   defining Unicode char U+1EAB (decimal 7851)
   defining Unicode char U+1EAC (decimal 7852)
   defining Unicode char U+1EAD (decimal 7853)
   defining Unicode char U+1EAE (decimal 7854)
   defining Unicode char U+1EAF (decimal 7855)
   defining Unicode char U+1EB0 (decimal 7856)
   defining Unicode char U+1EB1 (decimal 7857)
   defining Unicode char U+1EB2 (decimal 7858)
   defining Unicode char U+1EB3 (decimal 7859)
   defining Unicode char U+1EB4 (decimal 7860)
   defining Unicode char U+1EB5 (decimal 7861)
   defining Unicode char U+1EB6 (decimal 7862)
   defining Unicode char U+1EB7 (decimal 7863)
   defining Unicode char U+1EB8 (decimal 7864)
   defining Unicode char U+1EB9 (decimal 7865)
   defining Unicode char U+1EBA (decimal 7866)
   defining Unicode char U+1EBB (decimal 7867)
   defining Unicode char U+1EBC (decimal 7868)
   defining Unicode char U+1EBD (decimal 7869)
   defining Unicode char U+1EBE (decimal 7870)
   defining Unicode char U+1EBF (decimal 7871)
   defining Unicode char U+1EC0 (decimal 7872)
   defining Unicode char U+1EC1 (decimal 7873)
   defining Unicode char U+1EC2 (decimal 7874)
   defining Unicode char U+1EC3 (decimal 7875)
   defining Unicode char U+1EC4 (decimal 7876)
   defining Unicode char U+1EC5 (decimal 7877)
   defining Unicode char U+1EC6 (decimal 7878)
   defining Unicode char U+1EC7 (decimal 7879)
   defining Unicode char U+1EC8 (decimal 7880)
   defining Unicode char U+1EC9 (decimal 7881)
   defining Unicode char U+1ECA (decimal 7882)
   defining Unicode char U+1ECB (decimal 7883)
   defining Unicode char U+1ECC (decimal 7884)
   defining Unicode char U+1ECD (decimal 7885)
   defining Unicode char U+1ECE (decimal 7886)
   defining Unicode char U+1ECF (decimal 7887)
   defining Unicode char U+1ED0 (decimal 7888)
   defining Unicode char U+1ED1 (decimal 7889)
   defining Unicode char U+1ED2 (decimal 7890)
   defining Unicode char U+1ED3 (decimal 7891)
   defining Unicode char U+1ED4 (decimal 7892)
   defining Unicode char U+1ED5 (decimal 7893)
   defining Unicode char U+1ED6 (decimal 7894)
   defining Unicode char U+1ED7 (decimal 7895)
   defining Unicode char U+1ED8 (decimal 7896)
   defining Unicode char U+1ED9 (decimal 7897)
   defining Unicode char U+1EDA (decimal 7898)
   defining Unicode char U+1EDB (decimal 7899)
   defining Unicode char U+1EDC (decimal 7900)
   defining Unicode char U+1EDD (decimal 7901)
   defining Unicode char U+1EDE (decimal 7902)
   defining Unicode char U+1EDF (decimal 7903)
   defining Unicode char U+1EE0 (decimal 7904)
   defining Unicode char U+1EE1 (decimal 7905)
   defining Unicode char U+1EE2 (decimal 7906)
   defining Unicode char U+1EE3 (decimal 7907)
   defining Unicode char U+1EE4 (decimal 7908)
   defining Unicode char U+1EE5 (decimal 7909)
   defining Unicode char U+1EE6 (decimal 7910)
   defining Unicode char U+1EE7 (decimal 7911)
   defining Unicode char U+1EE8 (decimal 7912)
   defining Unicode char U+1EE9 (decimal 7913)
   defining Unicode char U+1EEA (decimal 7914)
   defining Unicode char U+1EEB (decimal 7915)
   defining Unicode char U+1EEC (decimal 7916)
   defining Unicode char U+1EED (decimal 7917)
   defining Unicode char U+1EEE (decimal 7918)
   defining Unicode char U+1EEF (decimal 7919)
   defining Unicode char U+1EF0 (decimal 7920)
   defining Unicode char U+1EF1 (decimal 7921)
   defining Unicode char U+1EF2 (decimal 7922)
   defining Unicode char U+1EF3 (decimal 7923)
   defining Unicode char U+1EF4 (decimal 7924)
   defining Unicode char U+1EF5 (decimal 7925)
   defining Unicode char U+1EF6 (decimal 7926)
   defining Unicode char U+1EF7 (decimal 7927)
   defining Unicode char U+1EF8 (decimal 7928)
   defining Unicode char U+1EF9 (decimal 7929)
   defining Unicode char U+200C (decimal 8204)
   defining Unicode char U+2013 (decimal 8211)
   defining Unicode char U+2014 (decimal 8212)
   defining Unicode char U+2018 (decimal 8216)
   defining Unicode char U+2019 (decimal 8217)
   defining Unicode char U+201A (decimal 8218)
   defining Unicode char U+201C (decimal 8220)
   defining Unicode char U+201D (decimal 8221)
   defining Unicode char U+201E (decimal 8222)
   defining Unicode char U+2030 (decimal 8240)
   defining Unicode char U+2031 (decimal 8241)
   defining Unicode char U+2039 (decimal 8249)
   defining Unicode char U+203A (decimal 8250)
   defining Unicode char U+2423 (decimal 9251)
))
LaTeX Font Info:    Trying to load font information for T5+cmr on input line 11
2.

(C:\Users\Win 10\AppData\Local\Programs\MiKTeX\tex/latex/vntex\t5cmr.fd
File: t5cmr.fd 1999/05/25 v2.5h Standard LaTeX font definitions
))
(C:\Users\Win 10\AppData\Local\Programs\MiKTeX\tex/latex/base\inputenc.sty
Package: inputenc 2021/02/14 v1.3d Input encoding file
\inpenc@prehook=\toks16
\inpenc@posthook=\toks17
)
(C:\Users\Win 10\AppData\Local\Programs\MiKTeX\tex/latex/vntex\vncaps.tex
File: vncaps.tex 2006/06/07 v1.1 Captions in Vietnamese
))
(C:\Users\Win 10\AppData\Local\Programs\MiKTeX\tex/latex/amsmath\amsmath.sty
Package: amsmath 2021/04/20 v2.17j AMS math features
\@mathmargin=\skip49

For additional information on amsmath, use the `?' option.
(C:\Users\Win 10\AppData\Local\Programs\MiKTeX\tex/latex/amsmath\amstext.sty
Package: amstext 2000/06/29 v2.01 AMS text

(C:\Users\Win 10\AppData\Local\Programs\MiKTeX\tex/latex/amsmath\amsgen.sty
File: amsgen.sty 1999/11/30 v2.0 generic functions
\@emptytoks=\toks18
\ex@=\dimen139
))
(C:\Users\Win 10\AppData\Local\Programs\MiKTeX\tex/latex/amsmath\amsbsy.sty
Package: amsbsy 1999/11/29 v1.2d Bold Symbols
\pmbraise@=\dimen140
)
(C:\Users\Win 10\AppData\Local\Programs\MiKTeX\tex/latex/amsmath\amsopn.sty
Package: amsopn 2016/03/08 v2.02 operator names
)
\inf@bad=\count191
LaTeX Info: Redefining \frac on input line 234.
\uproot@=\count192
\leftroot@=\count193
LaTeX Info: Redefining \overline on input line 399.
\classnum@=\count194
\DOTSCASE@=\count195
LaTeX Info: Redefining \ldots on input line 496.
LaTeX Info: Redefining \dots on input line 499.
LaTeX Info: Redefining \cdots on input line 620.
\Mathstrutbox@=\box50
\strutbox@=\box51
\big@size=\dimen141
LaTeX Font Info:    Redeclaring font encoding OML on input line 743.
LaTeX Font Info:    Redeclaring font encoding OMS on input line 744.
\macc@depth=\count196
\c@MaxMatrixCols=\count197
\dotsspace@=\muskip16
\c@parentequation=\count198
\dspbrk@lvl=\count199
\tag@help=\toks19
\row@=\count266
\column@=\count267
\maxfields@=\count268
\andhelp@=\toks20
\eqnshift@=\dimen142
\alignsep@=\dimen143
\tagshift@=\dimen144
\tagwidth@=\dimen145
\totwidth@=\dimen146
\lineht@=\dimen147
\@envbody=\toks21
\multlinegap=\skip50
\multlinetaggap=\skip51
\mathdisplay@stack=\toks22
LaTeX Info: Redefining \[ on input line 2923.
LaTeX Info: Redefining \] on input line 2924.
)
(C:\Users\Win 10\AppData\Local\Programs\MiKTeX\tex/latex/amscls\amsthm.sty
Package: amsthm 2020/05/29 v2.20.6
\thm@style=\toks23
\thm@bodyfont=\toks24
\thm@headfont=\toks25
\thm@notefont=\toks26
\thm@headpunct=\toks27
\thm@preskip=\skip52
\thm@postskip=\skip53
\thm@headsep=\skip54
\dth@everypar=\toks28
)
(C:\Users\Win 10\AppData\Local\Programs\MiKTeX\tex/latex/amsfonts\amssymb.sty
Package: amssymb 2013/01/14 v3.01 AMS font symbols

(C:\Users\Win 10\AppData\Local\Programs\MiKTeX\tex/latex/amsfonts\amsfonts.sty
Package: amsfonts 2013/01/14 v3.01 Basic AMSFonts support
\symAMSa=\mathgroup4
\symAMSb=\mathgroup5
LaTeX Font Info:    Redeclaring math symbol \hbar on input line 98.
LaTeX Font Info:    Overwriting math alphabet `\mathfrak' in version `bold'
(Font)                  U/euf/m/n --> U/euf/b/n on input line 106.
)) (C:\Users\Win 10\AppData\Local\Programs\MiKTeX\tex/latex/base\latexsym.sty
Package: latexsym 1998/08/17 v2.2e Standard LaTeX package (lasy symbols)
\symlasy=\mathgroup6
LaTeX Font Info:    Overwriting symbol font `lasy' in version `bold'
(Font)                  U/lasy/m/n --> U/lasy/b/n on input line 52.
)
(C:\Users\Win 10\AppData\Local\Programs\MiKTeX\tex/latex/amsmath\amscd.sty
Package: amscd 2017/04/14 v2.1 AMS Commutative Diagrams
\athelp@=\toks29
\minaw@=\dimen148
\bigaw@=\dimen149
\minCDarrowwidth=\dimen150
)
(C:\Users\Win 10\AppData\Local\Programs\MiKTeX\tex/latex/tools\enumerate.sty
Package: enumerate 2015/07/23 v3.00 enumerate extensions (DPC)
\@enLab=\toks30
)
(C:\Users\Win 10\AppData\Local\Programs\MiKTeX\tex/latex/geometry\geometry.sty
Package: geometry 2020/01/02 v5.9 Page Geometry

(C:\Users\Win 10\AppData\Local\Programs\MiKTeX\tex/latex/graphics\keyval.sty
Package: keyval 2014/10/28 v1.15 key=value parser (DPC)
\KV@toks@=\toks31
)
(C:\Users\Win 10\AppData\Local\Programs\MiKTeX\tex/generic/iftex\ifvtex.sty
Package: ifvtex 2019/10/25 v1.7 ifvtex legacy package. Use iftex instead.

(C:\Users\Win 10\AppData\Local\Programs\MiKTeX\tex/generic/iftex\iftex.sty
Package: iftex 2020/03/06 v1.0d TeX engine tests
))
\Gm@cnth=\count269
\Gm@cntv=\count270
\c@Gm@tempcnt=\count271
\Gm@bindingoffset=\dimen151
\Gm@wd@mp=\dimen152
\Gm@odd@mp=\dimen153
\Gm@even@mp=\dimen154
\Gm@layoutwidth=\dimen155
\Gm@layoutheight=\dimen156
\Gm@layouthoffset=\dimen157
\Gm@layoutvoffset=\dimen158
\Gm@dimlist=\toks32

(C:\Users\Win 10\AppData\Local\Programs\MiKTeX\tex/latex/geometry\geometry.cfg)
) (C:\Users\Win 10\AppData\Local\Programs\MiKTeX\tex/latex/graphics\color.sty
Package: color 2020/02/24 v1.2b Standard LaTeX Color (DPC)

(C:\Users\Win 10\AppData\Local\Programs\MiKTeX\tex/latex/graphics-cfg\color.cfg
File: color.cfg 2016/01/02 v1.6 sample color configuration
)
Package color Info: Driver file: pdftex.def on input line 149.

(C:\Users\Win 10\AppData\Local\Programs\MiKTeX\tex/latex/graphics-def\pdftex.de
f
File: pdftex.def 2020/10/05 v1.2a Graphics/color driver for pdftex
))
(C:\Users\Win 10\AppData\Local\Programs\MiKTeX\tex/latex/fancyhdr\fancyhdr.sty
Package: fancyhdr 2021/01/28 v4.0.1 Extensive control of page headers and foote
rs
\f@nch@headwidth=\skip55
\f@nch@O@elh=\skip56
\f@nch@O@erh=\skip57
\f@nch@O@olh=\skip58
\f@nch@O@orh=\skip59
\f@nch@O@elf=\skip60
\f@nch@O@erf=\skip61
\f@nch@O@olf=\skip62
\f@nch@O@orf=\skip63
) (C:\Users\Win 10\AppData\Local\Programs\MiKTeX\tex/latex/graphics\graphicx.st
y
Package: graphicx 2020/12/05 v1.2c Enhanced LaTeX Graphics (DPC,SPQR)
(C:\Users\Win 10\AppData\Local\Programs\MiKTeX\tex/latex/graphics\graphics.sty
Package: graphics 2021/03/04 v1.4d Standard LaTeX Graphics (DPC,SPQR)

(C:\Users\Win 10\AppData\Local\Programs\MiKTeX\tex/latex/graphics\trig.sty
Package: trig 2016/01/03 v1.10 sin cos tan (DPC)
)
(C:\Users\Win 10\AppData\Local\Programs\MiKTeX\tex/latex/graphics-cfg\graphics.
cfg
File: graphics.cfg 2016/06/04 v1.11 sample graphics configuration
)
Package graphics Info: Driver file: pdftex.def on input line 107.
)
\Gin@req@height=\dimen159
\Gin@req@width=\dimen160
)
(C:\Users\Win 10\AppData\Local\Programs\MiKTeX\tex/latex/wrapfig\wrapfig.sty
\wrapoverhang=\dimen161
\WF@size=\dimen162
\c@WF@wrappedlines=\count272
\WF@box=\box52
\WF@everypar=\toks33
Package: wrapfig 2003/01/31  v 3.6
)
(C:\Users\Win 10\AppData\Local\Programs\MiKTeX\tex/latex/hyperref\hyperref.sty
Package: hyperref 2021-06-07 v7.00m Hypertext links for LaTeX

(C:\Users\Win 10\AppData\Local\Programs\MiKTeX\tex/generic/ltxcmds\ltxcmds.sty
Package: ltxcmds 2020-05-10 v1.25 LaTeX kernel commands for general use (HO)
)
(C:\Users\Win 10\AppData\Local\Programs\MiKTeX\tex/generic/pdftexcmds\pdftexcmd
s.sty
Package: pdftexcmds 2020-06-27 v0.33 Utility functions of pdfTeX for LuaTeX (HO
)

(C:\Users\Win 10\AppData\Local\Programs\MiKTeX\tex/generic/infwarerr\infwarerr.
sty
Package: infwarerr 2019/12/03 v1.5 Providing info/warning/error messages (HO)
)
Package pdftexcmds Info: \pdf@primitive is available.
Package pdftexcmds Info: \pdf@ifprimitive is available.
Package pdftexcmds Info: \pdfdraftmode found.
)
(C:\Users\Win 10\AppData\Local\Programs\MiKTeX\tex/generic/kvsetkeys\kvsetkeys.
sty
Package: kvsetkeys 2019/12/15 v1.18 Key value parser (HO)
)
(C:\Users\Win 10\AppData\Local\Programs\MiKTeX\tex/generic/kvdefinekeys\kvdefin
ekeys.sty
Package: kvdefinekeys 2019-12-19 v1.6 Define keys (HO)
)
(C:\Users\Win 10\AppData\Local\Programs\MiKTeX\tex/generic/pdfescape\pdfescape.
sty
Package: pdfescape 2019/12/09 v1.15 Implements pdfTeX's escape features (HO)
)
(C:\Users\Win 10\AppData\Local\Programs\MiKTeX\tex/latex/hycolor\hycolor.sty
Package: hycolor 2020-01-27 v1.10 Color options for hyperref/bookmark (HO)
)
(C:\Users\Win 10\AppData\Local\Programs\MiKTeX\tex/latex/letltxmacro\letltxmacr
o.sty
Package: letltxmacro 2019/12/03 v1.6 Let assignment for LaTeX macros (HO)
)
(C:\Users\Win 10\AppData\Local\Programs\MiKTeX\tex/latex/auxhook\auxhook.sty
Package: auxhook 2019-12-17 v1.6 Hooks for auxiliary files (HO)
)
(C:\Users\Win 10\AppData\Local\Programs\MiKTeX\tex/latex/kvoptions\kvoptions.st
y
Package: kvoptions 2020-10-07 v3.14 Key value format for package options (HO)
)
\@linkdim=\dimen163
\Hy@linkcounter=\count273
\Hy@pagecounter=\count274
 (C:\Users\Win 10\AppData\Local\Programs\MiKTeX\tex/latex/hyperref\pd1enc.def
File: pd1enc.def 2021-06-07 v7.00m Hyperref: PDFDocEncoding definition (HO)
Now handling font encoding PD1 ...
... no UTF-8 mapping file for font encoding PD1
)
(C:\Users\Win 10\AppData\Local\Programs\MiKTeX\tex/latex/hyperref\hyperref-lang
patches.def
File: hyperref-langpatches.def 2021-06-07 v7.00m Hyperref: patches for babel la
nguages
)
(C:\Users\Win 10\AppData\Local\Programs\MiKTeX\tex/generic/intcalc\intcalc.sty
Package: intcalc 2019/12/15 v1.3 Expandable calculations with integers (HO)
)
(C:\Users\Win 10\AppData\Local\Programs\MiKTeX\tex/generic/etexcmds\etexcmds.st
y
Package: etexcmds 2019/12/15 v1.7 Avoid name clashes with e-TeX commands (HO)
)
\Hy@SavedSpaceFactor=\count275
 (C:\Users\Win 10\AppData\Local\Programs\MiKTeX\tex/latex/hyperref\puenc.def
File: puenc.def 2021-06-07 v7.00m Hyperref: PDF Unicode definition (HO)
Now handling font encoding PU ...
... no UTF-8 mapping file for font encoding PU
)
Package hyperref Info: Option `unicode' set `true' on input line 4073.
Package hyperref Info: Hyper figures OFF on input line 4192.
Package hyperref Info: Link nesting OFF on input line 4197.
Package hyperref Info: Hyper index ON on input line 4200.
Package hyperref Info: Plain pages OFF on input line 4207.
Package hyperref Info: Backreferencing OFF on input line 4212.
Package hyperref Info: Implicit mode ON; LaTeX internals redefined.
Package hyperref Info: Bookmarks ON on input line 4445.
\c@Hy@tempcnt=\count276
(C:\Users\Win 10\AppData\Local\Programs\MiKTeX\tex/latex/url\url.sty
\Urlmuskip=\muskip17
Package: url 2013/09/16  ver 3.4  Verb mode for urls, etc.
)
LaTeX Info: Redefining \url on input line 4804.
\XeTeXLinkMargin=\dimen164

(C:\Users\Win 10\AppData\Local\Programs\MiKTeX\tex/generic/bitset\bitset.sty
Package: bitset 2019/12/09 v1.3 Handle bit-vector datatype (HO)

(C:\Users\Win 10\AppData\Local\Programs\MiKTeX\tex/generic/bigintcalc\bigintcal
c.sty
Package: bigintcalc 2019/12/15 v1.5 Expandable calculations on big integers (HO
)
))
\Fld@menulength=\count277
\Field@Width=\dimen165
\Fld@charsize=\dimen166
Package hyperref Info: Hyper figures OFF on input line 6076.
Package hyperref Info: Link nesting OFF on input line 6081.
Package hyperref Info: Hyper index ON on input line 6084.
Package hyperref Info: backreferencing OFF on input line 6091.
Package hyperref Info: Link coloring OFF on input line 6096.
Package hyperref Info: Link coloring with OCG OFF on input line 6101.
Package hyperref Info: PDF/A mode OFF on input line 6106.
LaTeX Info: Redefining \ref on input line 6146.
LaTeX Info: Redefining \pageref on input line 6150.

(C:\Users\Win 10\AppData\Local\Programs\MiKTeX\tex/latex/base\atbegshi-ltx.sty
Package: atbegshi-ltx 2021/01/10 v1.0c Emulation of the original atbegshi
package with kernel methods
)
\Hy@abspage=\count278
\c@Item=\count279
\c@Hfootnote=\count280
)
Package hyperref Info: Driver (autodetected): hpdftex.
 (C:\Users\Win 10\AppData\Local\Programs\MiKTeX\tex/latex/hyperref\hpdftex.def
File: hpdftex.def 2021-06-07 v7.00m Hyperref driver for pdfTeX

(C:\Users\Win 10\AppData\Local\Programs\MiKTeX\tex/latex/base\atveryend-ltx.sty
Package: atveryend-ltx 2020/08/19 v1.0a Emulation of the original atvery packag
e
with kernel methods
)
\Fld@listcount=\count281
\c@bookmark@seq@number=\count282

(C:\Users\Win 10\AppData\Local\Programs\MiKTeX\tex/latex/rerunfilecheck\rerunfi
lecheck.sty
Package: rerunfilecheck 2019/12/05 v1.9 Rerun checks for auxiliary files (HO)

(C:\Users\Win 10\AppData\Local\Programs\MiKTeX\tex/generic/uniquecounter\unique
counter.sty
Package: uniquecounter 2019/12/15 v1.4 Provide unlimited unique counter (HO)
)
Package uniquecounter Info: New unique counter `rerunfilecheck' on input line 2
86.
)
\Hy@SectionHShift=\skip64
)
(C:\Users\Win 10\AppData\Local\Programs\MiKTeX\tex/latex/listings\listings.sty
\lst@mode=\count283
\lst@gtempboxa=\box53
\lst@token=\toks34
\lst@length=\count284
\lst@currlwidth=\dimen167
\lst@column=\count285
\lst@pos=\count286
\lst@lostspace=\dimen168
\lst@width=\dimen169
\lst@newlines=\count287
\lst@lineno=\count288
\lst@maxwidth=\dimen170

(C:\Users\Win 10\AppData\Local\Programs\MiKTeX\tex/latex/listings\lstmisc.sty
File: lstmisc.sty 2020/03/24 1.8d (Carsten Heinz)
\c@lstnumber=\count289
\lst@skipnumbers=\count290
\lst@framebox=\box54
)
(C:\Users\Win 10\AppData\Local\Programs\MiKTeX\tex/latex/listings\listings.cfg
File: listings.cfg 2020/03/24 1.8d listings configuration
))
Package: listings 2020/03/24 1.8d (Carsten Heinz)
 (C:\Users\Win 10\AppData\Local\Programs\MiKTeX\tex/latex/subfig\subfig.sty
Package: subfig 2005/06/28 ver: 1.3 subfig package

(C:\Users\Win 10\AppData\Local\Programs\MiKTeX\tex/latex/caption\caption.sty
Package: caption 2020/10/26 v3.5g Customizing captions (AR)

(C:\Users\Win 10\AppData\Local\Programs\MiKTeX\tex/latex/caption\caption3.sty
Package: caption3 2020/10/21 v2.2e caption3 kernel (AR)
\captionmargin=\dimen171
\captionmargin@=\dimen172
\captionwidth=\dimen173
\caption@tempdima=\dimen174
\caption@indent=\dimen175
\caption@parindent=\dimen176
\caption@hangindent=\dimen177
Package caption Info: Standard document class detected.
)
\c@caption@flags=\count291
\c@continuedfloat=\count292
Package caption Info: hyperref package is loaded.
Package caption Info: listings package is loaded.
Package caption Info: wrapfig package is loaded.
)
\c@KVtest=\count293
\sf@farskip=\skip65
\sf@captopadj=\dimen178
\sf@capskip=\skip66
\sf@nearskip=\skip67
\c@subfigure=\count294
\c@subfigure@save=\count295
\c@lofdepth=\count296
\c@subtable=\count297
\c@subtable@save=\count298
\c@lotdepth=\count299
\sf@top=\skip68
\sf@bottom=\skip69
)
\c@dn=\count300
\c@vd=\count301

(C:\Users\Win 10\AppData\Local\Programs\MiKTeX\tex/latex/listings\lstlang1.sty
File: lstlang1.sty 2020/03/24 1.8d listings language file
)
(C:\Users\Win 10\AppData\Local\Programs\MiKTeX\tex/latex/l3backend\l3backend-pd
ftex.def
File: l3backend-pdftex.def 2021-08-04 L3 backend support: PDF output (pdfTeX)
\l__color_backend_stack_int=\count302
\l__pdf_internal_box=\box55
)
No file Report.aux.
\openout1 = `Report.aux'.

LaTeX Font Info:    Checking defaults for OML/cmm/m/it on input line 50.
LaTeX Font Info:    ... okay on input line 50.
LaTeX Font Info:    Checking defaults for OMS/cmsy/m/n on input line 50.
LaTeX Font Info:    ... okay on input line 50.
LaTeX Font Info:    Checking defaults for OT1/cmr/m/n on input line 50.
LaTeX Font Info:    ... okay on input line 50.
LaTeX Font Info:    Checking defaults for T1/cmr/m/n on input line 50.
LaTeX Font Info:    ... okay on input line 50.
LaTeX Font Info:    Checking defaults for TS1/cmr/m/n on input line 50.
LaTeX Font Info:    ... okay on input line 50.
LaTeX Font Info:    Checking defaults for OMX/cmex/m/n on input line 50.
LaTeX Font Info:    ... okay on input line 50.
LaTeX Font Info:    Checking defaults for U/cmr/m/n on input line 50.
LaTeX Font Info:    ... okay on input line 50.
LaTeX Font Info:    Checking defaults for T5/cmr/m/n on input line 50.
LaTeX Font Info:    ... okay on input line 50.
LaTeX Font Info:    Checking defaults for PD1/pdf/m/n on input line 50.
LaTeX Font Info:    ... okay on input line 50.
LaTeX Font Info:    Checking defaults for PU/pdf/m/n on input line 50.
LaTeX Font Info:    ... okay on input line 50.
*geometry* driver: auto-detecting
*geometry* detected driver: pdftex
*geometry* verbose mode - [ preamble ] result:
* driver: pdftex
* paper: a4paper
* layout: <same size as paper>
* layoutoffset:(h,v)=(0.0pt,0.0pt)
* modes: 
* h-part:(L,W,R)=(99.58464pt, 441.01773pt, 56.9055pt)
* v-part:(T,H,B)=(99.58464pt, 660.10394pt, 85.35826pt)
* \paperwidth=597.50787pt
* \paperheight=845.04684pt
* \textwidth=441.01773pt
* \textheight=660.10394pt
* \oddsidemargin=27.31465pt
* \evensidemargin=27.31465pt
* \topmargin=-9.68535pt
* \headheight=12.0pt
* \headsep=25.0pt
* \topskip=12.0pt
* \footskip=30.0pt
* \marginparwidth=35.0pt
* \marginparsep=10.0pt
* \columnsep=10.0pt
* \skip\footins=10.8pt plus 4.0pt minus 2.0pt
* \hoffset=0.0pt
* \voffset=0.0pt
* \mag=1000
* \@twocolumnfalse
* \@twosidefalse
* \@mparswitchfalse
* \@reversemarginfalse
* (1in=72.27pt=25.4mm, 1cm=28.453pt)


(C:\Users\Win 10\AppData\Local\Programs\MiKTeX\tex/context/base/mkii\supp-pdf.m
kii
[Loading MPS to PDF converter (version 2006.09.02).]
\scratchcounter=\count303
\scratchdimen=\dimen179
\scratchbox=\box56
\nofMPsegments=\count304
\nofMParguments=\count305
\everyMPshowfont=\toks35
\MPscratchCnt=\count306
\MPscratchDim=\dimen180
\MPnumerator=\count307
\makeMPintoPDFobject=\count308
\everyMPtoPDFconversion=\toks36
)
(C:\Users\Win 10\AppData\Local\Programs\MiKTeX\tex/latex/epstopdf-pkg\epstopdf-
base.sty
Package: epstopdf-base 2020-01-24 v2.11 Base part for package epstopdf
Package epstopdf-base Info: Redefining graphics rule for `.eps' on input line 4
85.

(C:\Users\Win 10\AppData\Local\Programs\MiKTeX\tex/latex/00miktex\epstopdf-sys.
cfg
File: epstopdf-sys.cfg 2021/03/18 v2.0 Configuration of epstopdf for MiKTeX
))
Package hyperref Info: Link coloring OFF on input line 50.

(C:\Users\Win 10\AppData\Local\Programs\MiKTeX\tex/latex/hyperref\nameref.sty
Package: nameref 2021-04-02 v2.47 Cross-referencing by name of section

(C:\Users\Win 10\AppData\Local\Programs\MiKTeX\tex/latex/refcount\refcount.sty
Package: refcount 2019/12/15 v3.6 Data extraction from label references (HO)
)
(C:\Users\Win 10\AppData\Local\Programs\MiKTeX\tex/generic/gettitlestring\getti
tlestring.sty
Package: gettitlestring 2019/12/15 v1.6 Cleanup title references (HO)
)
\c@section@level=\count309
)
LaTeX Info: Redefining \ref on input line 50.
LaTeX Info: Redefining \pageref on input line 50.
LaTeX Info: Redefining \nameref on input line 50.
\@outlinefile=\write3
\openout3 = `Report.out'.

\c@lstlisting=\count310
Package caption Info: Begin \AtBeginDocument code.
Package caption Info: subfig package v1.3 is loaded.
Package caption Info: End \AtBeginDocument code.
<Logo HUST.jpg, id=3, 284.38245pt x 427.8384pt>
File: Logo HUST.jpg Graphic file (type jpg)
<use Logo HUST.jpg>
Package pdftex.def Info: Logo HUST.jpg  used on input line 61.
(pdftex.def)             Requested size: 113.75096pt x 171.13232pt.
LaTeX Font Info:    Calculating math sizes for size <13> on input line 69.


LaTeX Font Warning: Font shape `OT1/cmr/m/n' in size <13> not available
(Font)              size <12> substituted on input line 69.


LaTeX Font Warning: Font shape `OT1/cmr/m/n' in size <6.5> not available
(Font)              size <6> substituted on input line 69.


LaTeX Font Warning: Font shape `OML/cmm/m/it' in size <13> not available
(Font)              size <12> substituted on input line 69.


LaTeX Font Warning: Font shape `OML/cmm/m/it' in size <6.5> not available
(Font)              size <6> substituted on input line 69.


LaTeX Font Warning: Font shape `OMS/cmsy/m/n' in size <13> not available
(Font)              size <12> substituted on input line 69.


LaTeX Font Warning: Font shape `OMS/cmsy/m/n' in size <6.5> not available
(Font)              size <6> substituted on input line 69.

LaTeX Font Info:    Trying to load font information for U+msa on input line 69.

(C:\Users\Win 10\AppData\Local\Programs\MiKTeX\tex/latex/amsfonts\umsa.fd
File: umsa.fd 2013/01/14 v3.01 AMS symbols A
)
LaTeX Font Info:    Trying to load font information for U+msb on input line 69.


(C:\Users\Win 10\AppData\Local\Programs\MiKTeX\tex/latex/amsfonts\umsb.fd
File: umsb.fd 2013/01/14 v3.01 AMS symbols B
)
LaTeX Font Info:    Trying to load font information for U+lasy on input line 69
.

(C:\Users\Win 10\AppData\Local\Programs\MiKTeX\tex/latex/base\ulasy.fd
File: ulasy.fd 1998/08/17 v2.2e LaTeX symbol font definitions
)

LaTeX Font Warning: Font shape `U/lasy/m/n' in size <13> not available
(Font)              size <12> substituted on input line 69.


LaTeX Font Warning: Font shape `U/lasy/m/n' in size <6.5> not available
(Font)              size <6> substituted on input line 69.

[1

{C:/Users/Win 10/AppData/Local/MiKTeX/pdftex/config/pdftex.map} <./Logo HUST.jp
g>]pdfTeX warning (ext4): destination with the same identifier (name{page.i}) h
as been already used, duplicate ignored
<to be read again> 
                   \relax 
l.90 \tableofcontents
                     	                        % Lá»‡nh má»¥c lá»¥c [1

]
\tf@toc=\write4
\openout4 = `Report.toc'.

 [2

]
Ch\uhorn \ohorn ng 1.
[1

]
<Tuáº§n 1-1.png, id=27, 652.23676pt x 198.14024pt>
File: Tuáº§n 1-1.png Graphic file (type png)
<use Tuáº§n 1-1.png>
Package pdftex.def Info: Tuáº§n 1-1.png  used on input line 114.
(pdftex.def)             Requested size: 326.11757pt x 99.06987pt.


LaTeX Font Warning: Font shape `TS1/cmr/m/n' in size <13> not available
(Font)              size <12> substituted on input line 123.

<Tuáº§n 1-2.png, id=29, 474.573pt x 298.11375pt>
File: Tuáº§n 1-2.png Graphic file (type png)
<use Tuáº§n 1-2.png>
Package pdftex.def Info: Tuáº§n 1-2.png  used on input line 135.
(pdftex.def)             Requested size: 237.28592pt x 149.0565pt.

Package fancyhdr Warning: \headheight is too small (12.0pt): 
(fancyhdr)                Make it at least 14.93912pt, for example:
(fancyhdr)                \setlength{\headheight}{14.93912pt}.
(fancyhdr)                You might also make \topmargin smaller to compensate:

(fancyhdr)                \addtolength{\topmargin}{-2.93912pt}.

[2 <./Tuáº§n 1-1.png>]
<Tuáº§n 1-3.png, id=40, 1156.32pt x 650.43pt>
File: Tuáº§n 1-3.png Graphic file (type png)
<use Tuáº§n 1-3.png>
Package pdftex.def Info: Tuáº§n 1-3.png  used on input line 163.
(pdftex.def)             Requested size: 289.07928pt x 162.6071pt.


Package fancyhdr Warning: \headheight is too small (12.0pt): 
(fancyhdr)                Make it at least 14.93912pt, for example:
(fancyhdr)                \setlength{\headheight}{14.93912pt}.
(fancyhdr)                You might also make \topmargin smaller to compensate:

(fancyhdr)                \addtolength{\topmargin}{-2.93912pt}.

[3 <./Tuáº§n 1-2.png>]

Package fancyhdr Warning: \headheight is too small (12.0pt): 
(fancyhdr)                Make it at least 14.93912pt, for example:
(fancyhdr)                \setlength{\headheight}{14.93912pt}.
(fancyhdr)                You might also make \topmargin smaller to compensate:

(fancyhdr)                \addtolength{\topmargin}{-2.93912pt}.

[4 <./Tuáº§n 1-3.png>]
LaTeX Font Info:    Trying to load font information for T5+cmtt on input line 1
80.

(C:\Users\Win 10\AppData\Local\Programs\MiKTeX\tex/latex/vntex\t5cmtt.fd
File: t5cmtt.fd 1999/05/25 v2.5h Standard LaTeX font definitions
)
<Tuáº§n 2-1.png, id=55, 238.491pt x 278.84175pt>
File: Tuáº§n 2-1.png Graphic file (type png)
<use Tuáº§n 2-1.png>
Package pdftex.def Info: Tuáº§n 2-1.png  used on input line 193.
(pdftex.def)             Requested size: 119.2452pt x 139.42052pt.


Package fancyhdr Warning: \headheight is too small (12.0pt): 
(fancyhdr)                Make it at least 14.93912pt, for example:
(fancyhdr)                \setlength{\headheight}{14.93912pt}.
(fancyhdr)                You might also make \topmargin smaller to compensate:

(fancyhdr)                \addtolength{\topmargin}{-2.93912pt}.

[5 <./Tuáº§n 2-1.png>]
<Tuáº§n 2-2.png, id=74, 334.851pt x 198.7425pt>
File: Tuáº§n 2-2.png Graphic file (type png)
<use Tuáº§n 2-2.png>
Package pdftex.def Info: Tuáº§n 2-2.png  used on input line 215.
(pdftex.def)             Requested size: 167.42508pt x 99.371pt.

Overfull \hbox (8.86856pt too wide) in paragraph at lines 236--238
[]\T5/cmr/bx/n/13 ALGORITHM: \T5/cmr/m/n/13 L§y c¡c thæng tin cus-tomer-Num-ber
, salesRepEm-ploy-eeNum-
 []

<Tuáº§n 2-3.png, id=75, 203.5605pt x 71.66776pt>
File: Tuáº§n 2-3.png Graphic file (type png)
<use Tuáº§n 2-3.png>
Package pdftex.def Info: Tuáº§n 2-3.png  used on input line 241.
(pdftex.def)             Requested size: 101.78pt x 35.83379pt.

Package fancyhdr Warning: \headheight is too small (12.0pt): 
(fancyhdr)                Make it at least 14.93912pt, for example:
(fancyhdr)                \setlength{\headheight}{14.93912pt}.
(fancyhdr)                You might also make \topmargin smaller to compensate:

(fancyhdr)                \addtolength{\topmargin}{-2.93912pt}.

[6 <./Tuáº§n 2-2.png> <./Tuáº§n 2-3.png>]
<Tuáº§n 2-4.png, id=91, 83.1105pt x 154.176pt>
File: Tuáº§n 2-4.png Graphic file (type png)
<use Tuáº§n 2-4.png>
Package pdftex.def Info: Tuáº§n 2-4.png  used on input line 266.
(pdftex.def)             Requested size: 41.55513pt x 77.0878pt.


Package fancyhdr Warning: \headheight is too small (12.0pt): 
(fancyhdr)                Make it at least 14.93912pt, for example:
(fancyhdr)                \setlength{\headheight}{14.93912pt}.
(fancyhdr)                You might also make \topmargin smaller to compensate:

(fancyhdr)                \addtolength{\topmargin}{-2.93912pt}.

[7 <./Tuáº§n 2-4.png>]
<Tuáº§n 2-5-1.png, id=117, 224.037pt x 169.23225pt>
File: Tuáº§n 2-5-1.png Graphic file (type png)
<use Tuáº§n 2-5-1.png>
Package pdftex.def Info: Tuáº§n 2-5-1.png  used on input line 329.
(pdftex.def)             Requested size: 224.03644pt x 169.23184pt.


Package fancyhdr Warning: \headheight is too small (12.0pt): 
(fancyhdr)                Make it at least 14.93912pt, for example:
(fancyhdr)                \setlength{\headheight}{14.93912pt}.
(fancyhdr)                You might also make \topmargin smaller to compensate:

(fancyhdr)                \addtolength{\topmargin}{-2.93912pt}.

[8]
<Tuáº§n 2-5-2.png, id=134, 225.2415pt x 167.4255pt>
File: Tuáº§n 2-5-2.png Graphic file (type png)
<use Tuáº§n 2-5-2.png>
Package pdftex.def Info: Tuáº§n 2-5-2.png  used on input line 333.
(pdftex.def)             Requested size: 225.24094pt x 167.42508pt.
<Tuáº§n 2-5-3.png, id=135, 213.1965pt x 166.221pt>
File: Tuáº§n 2-5-3.png Graphic file (type png)
<use Tuáº§n 2-5-3.png>
Package pdftex.def Info: Tuáº§n 2-5-3.png  used on input line 337.
(pdftex.def)             Requested size: 213.19597pt x 166.22057pt.
<Tuáº§n 2-5-4.png, id=136, 227.6505pt x 169.23225pt>
File: Tuáº§n 2-5-4.png Graphic file (type png)
<use Tuáº§n 2-5-4.png>
Package pdftex.def Info: Tuáº§n 2-5-4.png  used on input line 341.
(pdftex.def)             Requested size: 227.64993pt x 169.23184pt.


Package fancyhdr Warning: \headheight is too small (12.0pt): 
(fancyhdr)                Make it at least 14.93912pt, for example:
(fancyhdr)                \setlength{\headheight}{14.93912pt}.
(fancyhdr)                You might also make \topmargin smaller to compensate:

(fancyhdr)                \addtolength{\topmargin}{-2.93912pt}.

[9 <./Tuáº§n 2-5-1.png> <./Tuáº§n 2-5-2.png> <./Tuáº§n 2-5-3.png>]
<Tuáº§n 2-5-5.png, id=144, 134.904pt x 167.4255pt>
File: Tuáº§n 2-5-5.png Graphic file (type png)
<use Tuáº§n 2-5-5.png>
Package pdftex.def Info: Tuáº§n 2-5-5.png  used on input line 345.
(pdftex.def)             Requested size: 134.90367pt x 167.42508pt.


Package fancyhdr Warning: \headheight is too small (12.0pt): 
(fancyhdr)                Make it at least 14.93912pt, for example:
(fancyhdr)                \setlength{\headheight}{14.93912pt}.
(fancyhdr)                You might also make \topmargin smaller to compensate:

(fancyhdr)                \addtolength{\topmargin}{-2.93912pt}.

[10 <./Tuáº§n 2-5-4.png> <./Tuáº§n 2-5-5.png>]
<Tuáº§n 2-6.png, id=163, 250.536pt x 166.221pt>
File: Tuáº§n 2-6.png Graphic file (type png)
<use Tuáº§n 2-6.png>
Package pdftex.def Info: Tuáº§n 2-6.png  used on input line 374.
(pdftex.def)             Requested size: 250.53537pt x 166.22057pt.


Package fancyhdr Warning: \headheight is too small (12.0pt): 
(fancyhdr)                Make it at least 14.93912pt, for example:
(fancyhdr)                \setlength{\headheight}{14.93912pt}.
(fancyhdr)                You might also make \topmargin smaller to compensate:

(fancyhdr)                \addtolength{\topmargin}{-2.93912pt}.

[11 <./Tuáº§n 2-6.png>]
<Tuáº§n 2-7.png, id=186, 139.722pt x 168.63pt>
File: Tuáº§n 2-7.png Graphic file (type png)
<use Tuáº§n 2-7.png>
Package pdftex.def Info: Tuáº§n 2-7.png  used on input line 414.
(pdftex.def)             Requested size: 139.72165pt x 168.62958pt.


Package fancyhdr Warning: \headheight is too small (12.0pt): 
(fancyhdr)                Make it at least 14.93912pt, for example:
(fancyhdr)                \setlength{\headheight}{14.93912pt}.
(fancyhdr)                You might also make \topmargin smaller to compensate:

(fancyhdr)                \addtolength{\topmargin}{-2.93912pt}.

[12 <./Tuáº§n 2-7.png>]
<Tuáº§n 2-8-1.png, id=193, 95.1555pt x 166.82326pt>
File: Tuáº§n 2-8-1.png Graphic file (type png)
<use Tuáº§n 2-8-1.png>
Package pdftex.def Info: Tuáº§n 2-8-1.png  used on input line 470.
(pdftex.def)             Requested size: 95.15524pt x 166.82285pt.


Package fancyhdr Warning: \headheight is too small (12.0pt): 
(fancyhdr)                Make it at least 14.93912pt, for example:
(fancyhdr)                \setlength{\headheight}{14.93912pt}.
(fancyhdr)                You might also make \topmargin smaller to compensate:

(fancyhdr)                \addtolength{\topmargin}{-2.93912pt}.

[13 <./Tuáº§n 2-8-1.png>]
<Tuáº§n 2-8-2.png, id=213, 96.36pt x 167.4255pt>
File: Tuáº§n 2-8-2.png Graphic file (type png)
<use Tuáº§n 2-8-2.png>
Package pdftex.def Info: Tuáº§n 2-8-2.png  used on input line 474.
(pdftex.def)             Requested size: 96.35974pt x 167.42508pt.
<Tuáº§n 2-8-3.png, id=214, 94.55325pt x 161.403pt>
File: Tuáº§n 2-8-3.png Graphic file (type png)
<use Tuáº§n 2-8-3.png>
Package pdftex.def Info: Tuáº§n 2-8-3.png  used on input line 478.
(pdftex.def)             Requested size: 94.55301pt x 161.4026pt.


Package fancyhdr Warning: \headheight is too small (12.0pt): 
(fancyhdr)                Make it at least 14.93912pt, for example:
(fancyhdr)                \setlength{\headheight}{14.93912pt}.
(fancyhdr)                You might also make \topmargin smaller to compensate:

(fancyhdr)                \addtolength{\topmargin}{-2.93912pt}.

[14 <./Tuáº§n 2-8-2.png> <./Tuáº§n 2-8-3.png>]
<Tuáº§n 3-1-1.png, id=221, 917.4275pt x 935.495pt>
File: Tuáº§n 3-1-1.png Graphic file (type png)
<use Tuáº§n 3-1-1.png>
Package pdftex.def Info: Tuáº§n 3-1-1.png  used on input line 498.
(pdftex.def)             Requested size: 220.50887pt x 224.8517pt.
<Tuáº§n 3-1-2.png, id=222, 954.56625pt x 453.695pt>
File: Tuáº§n 3-1-2.png Graphic file (type png)
<use Tuáº§n 3-1-2.png>
Package pdftex.def Info: Tuáº§n 3-1-2.png  used on input line 500.
(pdftex.def)             Requested size: 220.50887pt x 104.80455pt.
<Tuáº§n 3-1-3.png, id=223, 884.103pt x 155.3805pt>
File: Tuáº§n 3-1-3.png Graphic file (type png)
<use Tuáº§n 3-1-3.png>
Package pdftex.def Info: Tuáº§n 3-1-3.png  used on input line 505.
(pdftex.def)             Requested size: 442.05042pt x 77.69005pt.

Overfull \hbox (1.03268pt too wide) in paragraph at lines 505--506
 [] 
 []


Package fancyhdr Warning: \headheight is too small (12.0pt): 
(fancyhdr)                Make it at least 14.93912pt, for example:
(fancyhdr)                \setlength{\headheight}{14.93912pt}.
(fancyhdr)                You might also make \topmargin smaller to compensate:

(fancyhdr)                \addtolength{\topmargin}{-2.93912pt}.

[15 <./Tuáº§n 3-1-1.png> <./Tuáº§n 3-1-2.png> <./Tuáº§n 3-1-3.png>]
<Tuáº§n 3-2-1.png, id=237, 654.0435pt x 120.45pt>
File: Tuáº§n 3-2-1.png Graphic file (type png)
<use Tuáº§n 3-2-1.png>
Package pdftex.def Info: Tuáº§n 3-2-1.png  used on input line 535.
(pdftex.def)             Requested size: 441.01773pt x 81.21936pt.
<Tuáº§n 3-2-2.png, id=238, 591.4095pt x 166.82326pt>
File: Tuáº§n 3-2-2.png Graphic file (type png)
<use Tuáº§n 3-2-2.png>
Package pdftex.def Info: Tuáº§n 3-2-2.png  used on input line 538.
(pdftex.def)             Requested size: 441.01773pt x 124.39929pt.


Package fancyhdr Warning: \headheight is too small (12.0pt): 
(fancyhdr)                Make it at least 14.93912pt, for example:
(fancyhdr)                \setlength{\headheight}{14.93912pt}.
(fancyhdr)                You might also make \topmargin smaller to compensate:

(fancyhdr)                \addtolength{\topmargin}{-2.93912pt}.

[16 <./Tuáº§n 3-2-1.png> <./Tuáº§n 3-2-2.png>]
<Tuáº§n 4-(1,2).png, id=255, 396.88275pt x 181.8795pt>
File: Tuáº§n 4-(1,2).png Graphic file (type png)
<use Tuáº§n 4-(1,2).png>
Package pdftex.def Info: Tuáº§n 4-(1,2).png  used on input line 580.
(pdftex.def)             Requested size: 220.50887pt x 101.05254pt.


Package fancyhdr Warning: \headheight is too small (12.0pt): 
(fancyhdr)                Make it at least 14.93912pt, for example:
(fancyhdr)                \setlength{\headheight}{14.93912pt}.
(fancyhdr)                You might also make \topmargin smaller to compensate:

(fancyhdr)                \addtolength{\topmargin}{-2.93912pt}.

[17 <./Tuáº§n 4-(1,2).png>]
<Tuáº§n 4-3.png, id=285, 573.94424pt x 183.68625pt>
File: Tuáº§n 4-3.png Graphic file (type png)
<use Tuáº§n 4-3.png>
Package pdftex.def Info: Tuáº§n 4-3.png  used on input line 612.
(pdftex.def)             Requested size: 286.97142pt x 91.84288pt.


Package fancyhdr Warning: \headheight is too small (12.0pt): 
(fancyhdr)                Make it at least 14.93912pt, for example:
(fancyhdr)                \setlength{\headheight}{14.93912pt}.
(fancyhdr)                You might also make \topmargin smaller to compensate:

(fancyhdr)                \addtolength{\topmargin}{-2.93912pt}.

[18 <./Tuáº§n 4-3.png>]
Overfull \hbox (12.5657pt too wide) in paragraph at lines 636--637
\T5/cmr/m/n/13 buyPrice $\OML/cmm/m/it/12 < \OT1/cmr/m/n/12 100$ \T5/cmr/m/n/13
 th¼ prod-uct_segment = 'Mid-dle', cán l¤i th¼ prod-uct_segment
 []


Package fancyhdr Warning: \headheight is too small (12.0pt): 
(fancyhdr)                Make it at least 14.93912pt, for example:
(fancyhdr)                \setlength{\headheight}{14.93912pt}.
(fancyhdr)                You might also make \topmargin smaller to compensate:

(fancyhdr)                \addtolength{\topmargin}{-2.93912pt}.

[19]
<Tuáº§n 4-4-1.png, id=334, 817.25325pt x 168.63pt>
File: Tuáº§n 4-4-1.png Graphic file (type png)
<use Tuáº§n 4-4-1.png>
Package pdftex.def Info: Tuáº§n 4-4-1.png  used on input line 691.
(pdftex.def)             Requested size: 408.62563pt x 84.31479pt.
<Tuáº§n 4-4-2.png, id=335, 301.125pt x 171.64125pt>
File: Tuáº§n 4-4-2.png Graphic file (type png)
<use Tuáº§n 4-4-2.png>
Package pdftex.def Info: Tuáº§n 4-4-2.png  used on input line 695.
(pdftex.def)             Requested size: 150.56212pt x 85.8204pt.


Package fancyhdr Warning: \headheight is too small (12.0pt): 
(fancyhdr)                Make it at least 14.93912pt, for example:
(fancyhdr)                \setlength{\headheight}{14.93912pt}.
(fancyhdr)                You might also make \topmargin smaller to compensate:

(fancyhdr)                \addtolength{\topmargin}{-2.93912pt}.

[20 <./Tuáº§n 4-4-1.png> <./Tuáº§n 4-4-2.png>]
<Tuáº§n 5-1.png, id=358, 301.72725pt x 187.902pt>
File: Tuáº§n 5-1.png Graphic file (type png)
<use Tuáº§n 5-1.png>
Package pdftex.def Info: Tuáº§n 5-1.png  used on input line 740.
(pdftex.def)             Requested size: 150.86325pt x 93.95076pt.


Package fancyhdr Warning: \headheight is too small (12.0pt): 
(fancyhdr)                Make it at least 14.93912pt, for example:
(fancyhdr)                \setlength{\headheight}{14.93912pt}.
(fancyhdr)                You might also make \topmargin smaller to compensate:

(fancyhdr)                \addtolength{\topmargin}{-2.93912pt}.

[21 <./Tuáº§n 5-1.png>]
<Tuáº§n 5-2-1.png, id=392, 1156.32pt x 650.43pt>
File: Tuáº§n 5-2-1.png Graphic file (type png)
<use Tuáº§n 5-2-1.png>
Package pdftex.def Info: Tuáº§n 5-2-1.png  used on input line 755.
(pdftex.def)             Requested size: 411.64304pt x 231.5444pt.
<Tuáº§n 5-2-2.png, id=393, 1156.32pt x 650.43pt>
File: Tuáº§n 5-2-2.png Graphic file (type png)
<use Tuáº§n 5-2-2.png>
Package pdftex.def Info: Tuáº§n 5-2-2.png  used on input line 759.
(pdftex.def)             Requested size: 411.64304pt x 231.5444pt.


Package fancyhdr Warning: \headheight is too small (12.0pt): 
(fancyhdr)                Make it at least 14.93912pt, for example:
(fancyhdr)                \setlength{\headheight}{14.93912pt}.
(fancyhdr)                You might also make \topmargin smaller to compensate:

(fancyhdr)                \addtolength{\topmargin}{-2.93912pt}.

[22 <./Tuáº§n 5-2-1.png> <./Tuáº§n 5-2-2.png>]
<Tuáº§n 5-2-3.png, id=402, 1156.32pt x 650.43pt>
File: Tuáº§n 5-2-3.png Graphic file (type png)
<use Tuáº§n 5-2-3.png>
Package pdftex.def Info: Tuáº§n 5-2-3.png  used on input line 763.
(pdftex.def)             Requested size: 411.64304pt x 231.5444pt.


Package fancyhdr Warning: \headheight is too small (12.0pt): 
(fancyhdr)                Make it at least 14.93912pt, for example:
(fancyhdr)                \setlength{\headheight}{14.93912pt}.
(fancyhdr)                You might also make \topmargin smaller to compensate:

(fancyhdr)                \addtolength{\topmargin}{-2.93912pt}.

[23 <./Tuáº§n 5-2-3.png>]
<Tuáº§n 5-3.png, id=422, 680.5425pt x 95.75775pt>
File: Tuáº§n 5-3.png Graphic file (type png)
<use Tuáº§n 5-3.png>
Package pdftex.def Info: Tuáº§n 5-3.png  used on input line 795.
(pdftex.def)             Requested size: 441.01773pt x 62.05476pt.

Overfull \hbox (26.9107pt too wide) in paragraph at lines 824--825
[]\T5/cmr/bx/n/13 ALGORITHM: \T5/cmr/m/n/13 T¤o mët pro-ce-dure t¶n in-sert-Dat
a vîi c¡c tham sè singer_name,
 []

<Tuáº§n 5-4.png, id=423, 287.8755pt x 139.722pt>
File: Tuáº§n 5-4.png Graphic file (type png)
<use Tuáº§n 5-4.png>
Package pdftex.def Info: Tuáº§n 5-4.png  used on input line 828.
(pdftex.def)             Requested size: 143.9374pt x 69.86082pt.

Package fancyhdr Warning: \headheight is too small (12.0pt): 
(fancyhdr)                Make it at least 14.93912pt, for example:
(fancyhdr)                \setlength{\headheight}{14.93912pt}.
(fancyhdr)                You might also make \topmargin smaller to compensate:

(fancyhdr)                \addtolength{\topmargin}{-2.93912pt}.

[24 <./Tuáº§n 5-3.png> <./Tuáº§n 5-4.png>]
<Tuáº§n 5-5.png, id=447, 1156.32pt x 645.612pt>
File: Tuáº§n 5-5.png Graphic file (type png)
<use Tuáº§n 5-5.png>
Package pdftex.def Info: Tuáº§n 5-5.png  used on input line 843.
(pdftex.def)             Requested size: 441.01773pt x 246.23157pt.


Package fancyhdr Warning: \headheight is too small (12.0pt): 
(fancyhdr)                Make it at least 14.93912pt, for example:
(fancyhdr)                \setlength{\headheight}{14.93912pt}.
(fancyhdr)                You might also make \topmargin smaller to compensate:

(fancyhdr)                \addtolength{\topmargin}{-2.93912pt}.

[25 <./Tuáº§n 5-5.png>]

Package fancyhdr Warning: \headheight is too small (12.0pt): 
(fancyhdr)                Make it at least 14.93912pt, for example:
(fancyhdr)                \setlength{\headheight}{14.93912pt}.
(fancyhdr)                You might also make \topmargin smaller to compensate:

(fancyhdr)                \addtolength{\topmargin}{-2.93912pt}.

[26]

Package fancyhdr Warning: \headheight is too small (12.0pt): 
(fancyhdr)                Make it at least 14.93912pt, for example:
(fancyhdr)                \setlength{\headheight}{14.93912pt}.
(fancyhdr)                You might also make \topmargin smaller to compensate:

(fancyhdr)                \addtolength{\topmargin}{-2.93912pt}.

[27]
<Tuáº§n 6-1-1-1.png, id=509, 199.947pt x 127.07475pt>
File: Tuáº§n 6-1-1-1.png Graphic file (type png)
<use Tuáº§n 6-1-1-1.png>
Package pdftex.def Info: Tuáº§n 6-1-1-1.png  used on input line 957.
(pdftex.def)             Requested size: 132.30666pt x 84.08868pt.
<Tuáº§n 6-1-1-2.png, id=510, 285.4665pt x 158.39175pt>
File: Tuáº§n 6-1-1-2.png Graphic file (type png)
<use Tuáº§n 6-1-1-2.png>
Package pdftex.def Info: Tuáº§n 6-1-1-2.png  used on input line 959.
(pdftex.def)             Requested size: 132.30666pt x 73.41212pt.
<Tuáº§n 6-1-1-3.png, id=511, 160.80075pt x 120.45pt>
File: Tuáº§n 6-1-1-3.png Graphic file (type png)
<use Tuáº§n 6-1-1-3.png>
Package pdftex.def Info: Tuáº§n 6-1-1-3.png  used on input line 961.
(pdftex.def)             Requested size: 132.30666pt x 99.1078pt.
<Tuáº§n 6-1-2.png, id=512, 262.581pt x 126.4725pt>
File: Tuáº§n 6-1-2.png Graphic file (type png)
<use Tuáº§n 6-1-2.png>
Package pdftex.def Info: Tuáº§n 6-1-2.png  used on input line 967.
(pdftex.def)             Requested size: 176.40439pt x 84.96577pt.
<Tuáº§n 6-1-3.png, id=513, 269.808pt x 122.859pt>
File: Tuáº§n 6-1-3.png Graphic file (type png)
<use Tuáº§n 6-1-3.png>
Package pdftex.def Info: Tuáº§n 6-1-3.png  used on input line 969.
(pdftex.def)             Requested size: 176.40439pt x 80.3298pt.


Package fancyhdr Warning: \headheight is too small (12.0pt): 
(fancyhdr)                Make it at least 14.93912pt, for example:
(fancyhdr)                \setlength{\headheight}{14.93912pt}.
(fancyhdr)                You might also make \topmargin smaller to compensate:

(fancyhdr)                \addtolength{\topmargin}{-2.93912pt}.

[28 <./Tuáº§n 6-1-1-1.png> <./Tuáº§n 6-1-1-2.png> <./Tuáº§n 6-1-1-3.png> <./Tuá
º§n 6-1-2.png> <./Tuáº§n 6-1-3.png>]

Package fancyhdr Warning: \headheight is too small (12.0pt): 
(fancyhdr)                Make it at least 14.93912pt, for example:
(fancyhdr)                \setlength{\headheight}{14.93912pt}.
(fancyhdr)                You might also make \topmargin smaller to compensate:

(fancyhdr)                \addtolength{\topmargin}{-2.93912pt}.

[29]
<Tuáº§n 6-2-1.png, id=568, 270.41025pt x 140.9265pt>
File: Tuáº§n 6-2-1.png Graphic file (type png)
<use Tuáº§n 6-2-1.png>
Package pdftex.def Info: Tuáº§n 6-2-1.png  used on input line 1029.
(pdftex.def)             Requested size: 176.40439pt x 91.93443pt.
<Tuáº§n 6-2-2.png, id=569, 277.035pt x 30.1125pt>
File: Tuáº§n 6-2-2.png Graphic file (type png)
<use Tuáº§n 6-2-2.png>
Package pdftex.def Info: Tuáº§n 6-2-2.png  used on input line 1031.
(pdftex.def)             Requested size: 176.40439pt x 19.17451pt.

Overfull \hbox (16.1071pt too wide) in paragraph at lines 1041--1042
[]\T5/cmr/bx/n/13 OUTPUT: \T5/cmr/m/n/13 Mët b£ng gçm c¡c cët cus-tomer-Num-ber
, cus-tomer-Name, pay_year,
 []


Package fancyhdr Warning: \headheight is too small (12.0pt): 
(fancyhdr)                Make it at least 14.93912pt, for example:
(fancyhdr)                \setlength{\headheight}{14.93912pt}.
(fancyhdr)                You might also make \topmargin smaller to compensate:

(fancyhdr)                \addtolength{\topmargin}{-2.93912pt}.

[30 <./Tuáº§n 6-2-1.png> <./Tuáº§n 6-2-2.png>]
<Tuáº§n 6-3.png, id=586, 354.72525pt x 139.722pt>
File: Tuáº§n 6-3.png Graphic file (type png)
<use Tuáº§n 6-3.png>
Package pdftex.def Info: Tuáº§n 6-3.png  used on input line 1059.
(pdftex.def)             Requested size: 220.50887pt x 86.85698pt.

Overfull \hbox (1.633pt too wide) in paragraph at lines 1069--1070
[]\T5/cmr/m/n/13 String Func-tion: Têng sè ti·n thu ÷ñc khi b¡n mët s£n ph©m(s
tock_value). 
 []


Package fancyhdr Warning: \headheight is too small (12.0pt): 
(fancyhdr)                Make it at least 14.93912pt, for example:
(fancyhdr)                \setlength{\headheight}{14.93912pt}.
(fancyhdr)                You might also make \topmargin smaller to compensate:

(fancyhdr)                \addtolength{\topmargin}{-2.93912pt}.

[31 <./Tuáº§n 6-3.png>]
Overfull \hbox (7.78152pt too wide) in paragraph at lines 1119--1120
\T5/cmr/m/n/13 tomer-Num-ber, l§y ra or-der-Num-ber, cus-tomer-Name v  time_cos
t. Trong
 []

<Tuáº§n 6-4-1-1.png, id=596, 244.5135pt x 140.32425pt>
File: Tuáº§n 6-4-1-1.png Graphic file (type png)
<use Tuáº§n 6-4-1-1.png>
Package pdftex.def Info: Tuáº§n 6-4-1-1.png  used on input line 1128.
(pdftex.def)             Requested size: 176.40439pt x 101.24106pt.
<Tuáº§n 6-4-1-2.png, id=597, 130.086pt x 139.722pt>
File: Tuáº§n 6-4-1-2.png Graphic file (type png)
<use Tuáº§n 6-4-1-2.png>
Package pdftex.def Info: Tuáº§n 6-4-1-2.png  used on input line 1130.
(pdftex.def)             Requested size: 176.40439pt x 189.48213pt.
<Tuáº§n 6-4-2.png, id=598, 226.446pt x 138.5175pt>
File: Tuáº§n 6-4-2.png Graphic file (type png)
<use Tuáº§n 6-4-2.png>
Package pdftex.def Info: Tuáº§n 6-4-2.png  used on input line 1134.
(pdftex.def)             Requested size: 441.01773pt x 269.78041pt.

Package fancyhdr Warning: \headheight is too small (12.0pt): 
(fancyhdr)                Make it at least 14.93912pt, for example:
(fancyhdr)                \setlength{\headheight}{14.93912pt}.
(fancyhdr)                You might also make \topmargin smaller to compensate:

(fancyhdr)                \addtolength{\topmargin}{-2.93912pt}.

[32]

Package fancyhdr Warning: \headheight is too small (12.0pt): 
(fancyhdr)                Make it at least 14.93912pt, for example:
(fancyhdr)                \setlength{\headheight}{14.93912pt}.
(fancyhdr)                You might also make \topmargin smaller to compensate:

(fancyhdr)                \addtolength{\topmargin}{-2.93912pt}.

[33 <./Tuáº§n 6-4-1-1.png> <./Tuáº§n 6-4-1-2.png> <./Tuáº§n 6-4-2.png>]
<Tuáº§n 6-5-1.png, id=640, 1156.32pt x 650.43pt>
File: Tuáº§n 6-5-1.png Graphic file (type png)
<use Tuáº§n 6-5-1.png>
Package pdftex.def Info: Tuáº§n 6-5-1.png  used on input line 1169.
(pdftex.def)             Requested size: 176.40439pt x 99.22765pt.
<Tuáº§n 6-5-2.png, id=641, 1156.32pt x 650.43pt>
File: Tuáº§n 6-5-2.png Graphic file (type png)
<use Tuáº§n 6-5-2.png>
Package pdftex.def Info: Tuáº§n 6-5-2.png  used on input line 1171.
(pdftex.def)             Requested size: 176.40439pt x 99.22765pt.


Package fancyhdr Warning: \headheight is too small (12.0pt): 
(fancyhdr)                Make it at least 14.93912pt, for example:
(fancyhdr)                \setlength{\headheight}{14.93912pt}.
(fancyhdr)                You might also make \topmargin smaller to compensate:

(fancyhdr)                \addtolength{\topmargin}{-2.93912pt}.

[34 <./Tuáº§n 6-5-1.png> <./Tuáº§n 6-5-2.png>]

Package fancyhdr Warning: \headheight is too small (12.0pt): 
(fancyhdr)                Make it at least 14.93912pt, for example:
(fancyhdr)                \setlength{\headheight}{14.93912pt}.
(fancyhdr)                You might also make \topmargin smaller to compensate:

(fancyhdr)                \addtolength{\topmargin}{-2.93912pt}.

[35]
<Tuáº§n 7-1-1.png, id=704, 626.34pt x 429.40425pt>
File: Tuáº§n 7-1-1.png Graphic file (type png)
<use Tuáº§n 7-1-1.png>
Package pdftex.def Info: Tuáº§n 7-1-1.png  used on input line 1239.
(pdftex.def)             Requested size: 132.30666pt x 90.70172pt.
<Tuáº§n 7-1-2.jpg, id=705, 3131.7pt x 4175.6pt>
File: Tuáº§n 7-1-2.jpg Graphic file (type jpg)
<use Tuáº§n 7-1-2.jpg>
Package pdftex.def Info: Tuáº§n 7-1-2.jpg  used on input line 1241.
(pdftex.def)             Requested size: 132.30666pt x 176.36157pt.
<Tuáº§n 7-1-3.jpg, id=706, 3131.7pt x 4175.6pt>
File: Tuáº§n 7-1-3.jpg Graphic file (type jpg)
<use Tuáº§n 7-1-3.jpg>
Package pdftex.def Info: Tuáº§n 7-1-3.jpg  used on input line 1243.
(pdftex.def)             Requested size: 132.30666pt x 176.36157pt.


Package fancyhdr Warning: \headheight is too small (12.0pt): 
(fancyhdr)                Make it at least 14.93912pt, for example:
(fancyhdr)                \setlength{\headheight}{14.93912pt}.
(fancyhdr)                You might also make \topmargin smaller to compensate:

(fancyhdr)                \addtolength{\topmargin}{-2.93912pt}.

[36 <./Tuáº§n 7-1-1.png> <./Tuáº§n 7-1-2.jpg> <./Tuáº§n 7-1-3.jpg>]
<Tuáº§n 7-5.png, id=735, 204.765pt x 68.6565pt>
File: Tuáº§n 7-5.png Graphic file (type png)
<use Tuáº§n 7-5.png>
Package pdftex.def Info: Tuáº§n 7-5.png  used on input line 1293.
(pdftex.def)             Requested size: 204.76448pt x 68.65631pt.
<Tuáº§n 7-6.png, id=736, 604.659pt x 400.49625pt>
File: Tuáº§n 7-6.png Graphic file (type png)
<use Tuáº§n 7-6.png>
Package pdftex.def Info: Tuáº§n 7-6.png  used on input line 1302.
(pdftex.def)             Requested size: 441.01773pt x 292.10316pt.


Package fancyhdr Warning: \headheight is too small (12.0pt): 
(fancyhdr)                Make it at least 14.93912pt, for example:
(fancyhdr)                \setlength{\headheight}{14.93912pt}.
(fancyhdr)                You might also make \topmargin smaller to compensate:

(fancyhdr)                \addtolength{\topmargin}{-2.93912pt}.

[37 <./Tuáº§n 7-5.png>]

Package fancyhdr Warning: \headheight is too small (12.0pt): 
(fancyhdr)                Make it at least 14.93912pt, for example:
(fancyhdr)                \setlength{\headheight}{14.93912pt}.
(fancyhdr)                You might also make \topmargin smaller to compensate:

(fancyhdr)                \addtolength{\topmargin}{-2.93912pt}.

[38 <./Tuáº§n 7-6.png>]

Package fancyhdr Warning: \headheight is too small (12.0pt): 
(fancyhdr)                Make it at least 14.93912pt, for example:
(fancyhdr)                \setlength{\headheight}{14.93912pt}.
(fancyhdr)                You might also make \topmargin smaller to compensate:

(fancyhdr)                \addtolength{\topmargin}{-2.93912pt}.

[39]
<Tuáº§n 7-6-1.png, id=821, 81.30376pt x 39.7485pt>
File: Tuáº§n 7-6-1.png Graphic file (type png)
<use Tuáº§n 7-6-1.png>
Package pdftex.def Info: Tuáº§n 7-6-1.png  used on input line 1389.
(pdftex.def)             Requested size: 81.30354pt x 39.7484pt.
<Tuáº§n 7-6-2.png, id=822, 124.66576pt x 89.73524pt>
File: Tuáº§n 7-6-2.png Graphic file (type png)
<use Tuáº§n 7-6-2.png>
Package pdftex.def Info: Tuáº§n 7-6-2.png  used on input line 1393.
(pdftex.def)             Requested size: 124.66544pt x 89.735pt.
<Tuáº§n 7-6-3.png, id=823, 264.99pt x 50.589pt>
File: Tuáº§n 7-6-3.png Graphic file (type png)
<use Tuáº§n 7-6-3.png>
Package pdftex.def Info: Tuáº§n 7-6-3.png  used on input line 1397.
(pdftex.def)             Requested size: 264.98935pt x 50.58887pt.
<Tuáº§n 7-6-4.png, id=824, 83.1105pt x 44.5665pt>
File: Tuáº§n 7-6-4.png Graphic file (type png)
<use Tuáº§n 7-6-4.png>
Package pdftex.def Info: Tuáº§n 7-6-4.png  used on input line 1401.
(pdftex.def)             Requested size: 83.11028pt x 44.56638pt.
<Tuáº§n 7-6-5.png, id=825, 400.49625pt x 42.1575pt>
File: Tuáº§n 7-6-5.png Graphic file (type png)
<use Tuáº§n 7-6-5.png>
Package pdftex.def Info: Tuáº§n 7-6-5.png  used on input line 1405.
(pdftex.def)             Requested size: 400.49527pt x 42.15738pt.
<Tuáº§n 7-6-6.png, id=826, 84.91725pt x 40.953pt>
File: Tuáº§n 7-6-6.png Graphic file (type png)
<use Tuáº§n 7-6-6.png>
Package pdftex.def Info: Tuáº§n 7-6-6.png  used on input line 1409.
(pdftex.def)             Requested size: 84.91704pt x 40.95288pt.


Package fancyhdr Warning: \headheight is too small (12.0pt): 
(fancyhdr)                Make it at least 14.93912pt, for example:
(fancyhdr)                \setlength{\headheight}{14.93912pt}.
(fancyhdr)                You might also make \topmargin smaller to compensate:

(fancyhdr)                \addtolength{\topmargin}{-2.93912pt}.

[40 <./Tuáº§n 7-6-1.png> <./Tuáº§n 7-6-2.png> <./Tuáº§n 7-6-3.png> <./Tuáº§n 7-
6-4.png> <./Tuáº§n 7-6-5.png>]
<Tuáº§n 7-6-7.png, id=842, 131.2905pt x 42.75975pt>
File: Tuáº§n 7-6-7.png Graphic file (type png)
<use Tuáº§n 7-6-7.png>
Package pdftex.def Info: Tuáº§n 7-6-7.png  used on input line 1413.
(pdftex.def)             Requested size: 131.29016pt x 42.75963pt.
<Tuáº§n 7-6-8.png, id=843, 61.4295pt x 22.28325pt>
File: Tuáº§n 7-6-8.png Graphic file (type png)
<use Tuáº§n 7-6-8.png>
Package pdftex.def Info: Tuáº§n 7-6-8.png  used on input line 1417.
(pdftex.def)             Requested size: 61.42934pt x 22.28317pt.
<Tuáº§n 7-6-9.png, id=844, 54.2025pt x 22.28325pt>
File: Tuáº§n 7-6-9.png Graphic file (type png)
<use Tuáº§n 7-6-9.png>
Package pdftex.def Info: Tuáº§n 7-6-9.png  used on input line 1421.
(pdftex.def)             Requested size: 54.20236pt x 22.28317pt.
<Tuáº§n 7-6-10.png, id=845, 96.36pt x 23.48775pt>
File: Tuáº§n 7-6-10.png Graphic file (type png)
<use Tuáº§n 7-6-10.png>
Package pdftex.def Info: Tuáº§n 7-6-10.png  used on input line 1425.
(pdftex.def)             Requested size: 96.35974pt x 23.48767pt.
<Tuáº§n 7-6-11.png, id=846, 96.36pt x 41.55525pt>
File: Tuáº§n 7-6-11.png Graphic file (type png)
<use Tuáº§n 7-6-11.png>
Package pdftex.def Info: Tuáº§n 7-6-11.png  used on input line 1429.
(pdftex.def)             Requested size: 96.35974pt x 41.55513pt.
<Tuáº§n 7-6-12.png, id=847, 352.9185pt x 45.16875pt>
File: Tuáº§n 7-6-12.png Graphic file (type png)
<use Tuáº§n 7-6-12.png>
Package pdftex.def Info: Tuáº§n 7-6-12.png  used on input line 1433.
(pdftex.def)             Requested size: 352.91763pt x 45.16862pt.
<Tuáº§n 7-7.png, id=848, 429.40425pt x 59.62276pt>
File: Tuáº§n 7-7.png Graphic file (type png)
<use Tuáº§n 7-7.png>
Package pdftex.def Info: Tuáº§n 7-7.png  used on input line 1443.
(pdftex.def)             Requested size: 429.40318pt x 59.6226pt.


Package fancyhdr Warning: \headheight is too small (12.0pt): 
(fancyhdr)                Make it at least 14.93912pt, for example:
(fancyhdr)                \setlength{\headheight}{14.93912pt}.
(fancyhdr)                You might also make \topmargin smaller to compensate:

(fancyhdr)                \addtolength{\topmargin}{-2.93912pt}.

[41 <./Tuáº§n 7-6-6.png> <./Tuáº§n 7-6-7.png> <./Tuáº§n 7-6-8.png> <./Tuáº§n 7-
6-9.png> <./Tuáº§n 7-6-10.png> <./Tuáº§n 7-6-11.png> <./Tuáº§n 7-6-12.png>]
<Tuáº§n 7-7-3.png, id=860, 861.81975pt x 484.81125pt>
File: Tuáº§n 7-7-3.png Graphic file (type png)
<use Tuáº§n 7-7-3.png>
Package pdftex.def Info: Tuáº§n 7-7-3.png  used on input line 1483.
(pdftex.def)             Requested size: 441.01773pt x 248.0864pt.


Package fancyhdr Warning: \headheight is too small (12.0pt): 
(fancyhdr)                Make it at least 14.93912pt, for example:
(fancyhdr)                \setlength{\headheight}{14.93912pt}.
(fancyhdr)                You might also make \topmargin smaller to compensate:

(fancyhdr)                \addtolength{\topmargin}{-2.93912pt}.

[42 <./Tuáº§n 7-7.png>]
<Tuáº§n 8-1.png, id=890, 540.21825pt x 99.9735pt>
File: Tuáº§n 8-1.png Graphic file (type png)
<use Tuáº§n 8-1.png>
Package pdftex.def Info: Tuáº§n 8-1.png  used on input line 1489.
(pdftex.def)             Requested size: 441.01773pt x 81.61877pt.


Package fancyhdr Warning: \headheight is too small (12.0pt): 
(fancyhdr)                Make it at least 14.93912pt, for example:
(fancyhdr)                \setlength{\headheight}{14.93912pt}.
(fancyhdr)                You might also make \topmargin smaller to compensate:

(fancyhdr)                \addtolength{\topmargin}{-2.93912pt}.

[43 <./Tuáº§n 7-7-3.png> <./Tuáº§n 8-1.png>]
<Tuáº§n 8-1-1.jpg, id=900, 4175.6pt x 3131.7pt>
File: Tuáº§n 8-1-1.jpg Graphic file (type jpg)
<use Tuáº§n 8-1-1.jpg>
Package pdftex.def Info: Tuáº§n 8-1-1.jpg  used on input line 1513.
(pdftex.def)             Requested size: 176.40439pt x 132.27118pt.
<Tuáº§n 8-1-2.jpg, id=901, 4175.6pt x 3131.7pt>
File: Tuáº§n 8-1-2.jpg Graphic file (type jpg)
<use Tuáº§n 8-1-2.jpg>
Package pdftex.def Info: Tuáº§n 8-1-2.jpg  used on input line 1515.
(pdftex.def)             Requested size: 176.40439pt x 132.27118pt.
<Tuáº§n 8-1-3.jpg, id=902, 4175.6pt x 3131.7pt>
File: Tuáº§n 8-1-3.jpg Graphic file (type jpg)
<use Tuáº§n 8-1-3.jpg>
Package pdftex.def Info: Tuáº§n 8-1-3.jpg  used on input line 1517.
(pdftex.def)             Requested size: 176.40439pt x 132.27118pt.
<Tuáº§n 8-1-4.jpg, id=903, 4175.6pt x 3131.7pt>
File: Tuáº§n 8-1-4.jpg Graphic file (type jpg)
<use Tuáº§n 8-1-4.jpg>
Package pdftex.def Info: Tuáº§n 8-1-4.jpg  used on input line 1519.
(pdftex.def)             Requested size: 176.40439pt x 132.27118pt.
<Tuáº§n 8-2.png, id=906, 516.12825pt x 76.48575pt>
File: Tuáº§n 8-2.png Graphic file (type png)
<use Tuáº§n 8-2.png>
Package pdftex.def Info: Tuáº§n 8-2.png  used on input line 1527.
(pdftex.def)             Requested size: 441.01773pt x 65.35512pt.


Package fancyhdr Warning: \headheight is too small (12.0pt): 
(fancyhdr)                Make it at least 14.93912pt, for example:
(fancyhdr)                \setlength{\headheight}{14.93912pt}.
(fancyhdr)                You might also make \topmargin smaller to compensate:

(fancyhdr)                \addtolength{\topmargin}{-2.93912pt}.

[44 <./Tuáº§n 8-1-1.jpg> <./Tuáº§n 8-1-2.jpg> <./Tuáº§n 8-1-3.jpg> <./Tuáº§n 8-
1-4.jpg> <./Tuáº§n 8-2.png>]
<Tuáº§n 8-2-1.jpg, id=918, 4175.6pt x 3131.7pt>
File: Tuáº§n 8-2-1.jpg Graphic file (type jpg)
<use Tuáº§n 8-2-1.jpg>
Package pdftex.def Info: Tuáº§n 8-2-1.jpg  used on input line 1549.
(pdftex.def)             Requested size: 441.01773pt x 330.72575pt.
<Tuáº§n 8-3.png, id=921, 515.526pt x 90.93974pt>
File: Tuáº§n 8-3.png Graphic file (type png)
<use Tuáº§n 8-3.png>
Package pdftex.def Info: Tuáº§n 8-3.png  used on input line 1555.
(pdftex.def)             Requested size: 441.01773pt x 77.79866pt.


Package fancyhdr Warning: \headheight is too small (12.0pt): 
(fancyhdr)                Make it at least 14.93912pt, for example:
(fancyhdr)                \setlength{\headheight}{14.93912pt}.
(fancyhdr)                You might also make \topmargin smaller to compensate:

(fancyhdr)                \addtolength{\topmargin}{-2.93912pt}.

[45 <./Tuáº§n 8-2-1.jpg>]
<Tuáº§n 8-3-1.jpg, id=928, 4175.6pt x 3131.7pt>
File: Tuáº§n 8-3-1.jpg Graphic file (type jpg)
<use Tuáº§n 8-3-1.jpg>
Package pdftex.def Info: Tuáº§n 8-3-1.jpg  used on input line 1579.
(pdftex.def)             Requested size: 132.30666pt x 99.20338pt.
<Tuáº§n 8-3-2.jpg, id=929, 4175.6pt x 3131.7pt>
File: Tuáº§n 8-3-2.jpg Graphic file (type jpg)
<use Tuáº§n 8-3-2.jpg>
Package pdftex.def Info: Tuáº§n 8-3-2.jpg  used on input line 1581.
(pdftex.def)             Requested size: 132.30666pt x 99.20338pt.
<Tuáº§n 8-4.png, id=932, 511.9125pt x 76.48575pt>
File: Tuáº§n 8-4.png Graphic file (type png)
<use Tuáº§n 8-4.png>
Package pdftex.def Info: Tuáº§n 8-4.png  used on input line 1588.
(pdftex.def)             Requested size: 441.01773pt x 65.89314pt.


Package fancyhdr Warning: \headheight is too small (12.0pt): 
(fancyhdr)                Make it at least 14.93912pt, for example:
(fancyhdr)                \setlength{\headheight}{14.93912pt}.
(fancyhdr)                You might also make \topmargin smaller to compensate:

(fancyhdr)                \addtolength{\topmargin}{-2.93912pt}.

[46 <./Tuáº§n 8-3.png> <./Tuáº§n 8-3-1.jpg> <./Tuáº§n 8-3-2.jpg>]
Overfull \hbox (28.97787pt too wide) in paragraph at lines 1604--1605
\T5/cmr/m/n/13 câ nhi·u hìn 1 thuëc t½nh. X¡c ành c¡c $\OMS/cmsy/m/n/12 f\OML/
cmm/m/it/12 HI\OMS/cmsy/m/n/12 g[]\OML/cmm/m/it/12 ; \OMS/cmsy/m/n/12 f\OML/cmm
/m/it/12 HK\OMS/cmsy/m/n/12 g[]\OML/cmm/m/it/12 ; \OMS/cmsy/m/n/12 f\OML/cmm/m/
it/12 HL\OMS/cmsy/m/n/12 g[]\OML/cmm/m/it/12 ; \OMS/cmsy/m/n/12 f\OML/cmm/m/it/
12 HM\OMS/cmsy/m/n/12 g[]\OML/cmm/m/it/12 ; \OMS/cmsy/m/n/12 f\OML/cmm/m/it/12 
HN\OMS/cmsy/m/n/12 g[]$\T5/cmr/m/n/13 .
 []


Package fancyhdr Warning: \headheight is too small (12.0pt): 
(fancyhdr)                Make it at least 14.93912pt, for example:
(fancyhdr)                \setlength{\headheight}{14.93912pt}.
(fancyhdr)                You might also make \topmargin smaller to compensate:

(fancyhdr)                \addtolength{\topmargin}{-2.93912pt}.

[47 <./Tuáº§n 8-4.png>]
<Tuáº§n 8-4-1.jpg, id=950, 4175.6pt x 3131.7pt>
File: Tuáº§n 8-4-1.jpg Graphic file (type jpg)
<use Tuáº§n 8-4-1.jpg>
Package pdftex.def Info: Tuáº§n 8-4-1.jpg  used on input line 1622.
(pdftex.def)             Requested size: 176.40439pt x 132.27118pt.
<Tuáº§n 8-4-2.jpg, id=951, 4175.6pt x 3131.7pt>
File: Tuáº§n 8-4-2.jpg Graphic file (type jpg)
<use Tuáº§n 8-4-2.jpg>
Package pdftex.def Info: Tuáº§n 8-4-2.jpg  used on input line 1624.
(pdftex.def)             Requested size: 176.40439pt x 132.27118pt.
<Tuáº§n 8-4-3.jpg, id=952, 4175.6pt x 3131.7pt>
File: Tuáº§n 8-4-3.jpg Graphic file (type jpg)
<use Tuáº§n 8-4-3.jpg>
Package pdftex.def Info: Tuáº§n 8-4-3.jpg  used on input line 1626.
(pdftex.def)             Requested size: 176.40439pt x 132.27118pt.
<Tuáº§n 8-5.png, id=955, 513.117pt x 71.66776pt>
File: Tuáº§n 8-5.png Graphic file (type png)
<use Tuáº§n 8-5.png>
Package pdftex.def Info: Tuáº§n 8-5.png  used on input line 1633.
(pdftex.def)             Requested size: 441.01773pt x 61.59915pt.


Package fancyhdr Warning: \headheight is too small (12.0pt): 
(fancyhdr)                Make it at least 14.93912pt, for example:
(fancyhdr)                \setlength{\headheight}{14.93912pt}.
(fancyhdr)                You might also make \topmargin smaller to compensate:

(fancyhdr)                \addtolength{\topmargin}{-2.93912pt}.

[48 <./Tuáº§n 8-4-1.jpg> <./Tuáº§n 8-4-2.jpg> <./Tuáº§n 8-4-3.jpg> <./Tuáº§n 8-
5.png>]
<Tuáº§n 8-5-1.jpg, id=966, 4175.6pt x 3131.7pt>
File: Tuáº§n 8-5-1.jpg Graphic file (type jpg)
<use Tuáº§n 8-5-1.jpg>
Package pdftex.def Info: Tuáº§n 8-5-1.jpg  used on input line 1667.
(pdftex.def)             Requested size: 176.40439pt x 132.27118pt.
<Tuáº§n 8-5-2.jpg, id=967, 4175.6pt x 3131.7pt>
File: Tuáº§n 8-5-2.jpg Graphic file (type jpg)
<use Tuáº§n 8-5-2.jpg>
Package pdftex.def Info: Tuáº§n 8-5-2.jpg  used on input line 1669.
(pdftex.def)             Requested size: 176.40439pt x 132.27118pt.


LaTeX Warning: `!h' float specifier changed to `!ht'.


Package fancyhdr Warning: \headheight is too small (12.0pt): 
(fancyhdr)                Make it at least 14.93912pt, for example:
(fancyhdr)                \setlength{\headheight}{14.93912pt}.
(fancyhdr)                You might also make \topmargin smaller to compensate:

(fancyhdr)                \addtolength{\topmargin}{-2.93912pt}.

[49]
<Tuáº§n 8-6-1.jpg, id=974, 4175.6pt x 3131.7pt>
File: Tuáº§n 8-6-1.jpg Graphic file (type jpg)
<use Tuáº§n 8-6-1.jpg>
Package pdftex.def Info: Tuáº§n 8-6-1.jpg  used on input line 1680.
(pdftex.def)             Requested size: 441.01773pt x 330.72575pt.

Overfull \hbox (17.62482pt too wide) in paragraph at lines 1680--1681
[][] 
 []


Package fancyhdr Warning: \headheight is too small (12.0pt): 
(fancyhdr)                Make it at least 14.93912pt, for example:
(fancyhdr)                \setlength{\headheight}{14.93912pt}.
(fancyhdr)                You might also make \topmargin smaller to compensate:

(fancyhdr)                \addtolength{\topmargin}{-2.93912pt}.

[50 <./Tuáº§n 8-5-1.jpg> <./Tuáº§n 8-5-2.jpg> <./Tuáº§n 8-6-1.jpg>]
<Tuáº§n 9-1-1.png, id=983, 1007.56425pt x 382.42876pt>
File: Tuáº§n 9-1-1.png Graphic file (type png)
<use Tuáº§n 9-1-1.png>
Package pdftex.def Info: Tuáº§n 9-1-1.png  used on input line 1699.
(pdftex.def)             Requested size: 132.30666pt x 50.21349pt.
<Tuáº§n 9-1-2.png, id=984, 1004.553pt x 383.031pt>
File: Tuáº§n 9-1-2.png Graphic file (type png)
<use Tuáº§n 9-1-2.png>
Package pdftex.def Info: Tuáº§n 9-1-2.png  used on input line 1701.
(pdftex.def)             Requested size: 132.30666pt x 50.44452pt.
<Tuáº§n 9-1-3.png, id=985, 516.12825pt x 349.90726pt>
File: Tuáº§n 9-1-3.png Graphic file (type png)
<use Tuáº§n 9-1-3.png>
Package pdftex.def Info: Tuáº§n 9-1-3.png  used on input line 1703.
(pdftex.def)             Requested size: 132.30666pt x 89.69234pt.


Package fancyhdr Warning: \headheight is too small (12.0pt): 
(fancyhdr)                Make it at least 14.93912pt, for example:
(fancyhdr)                \setlength{\headheight}{14.93912pt}.
(fancyhdr)                You might also make \topmargin smaller to compensate:

(fancyhdr)                \addtolength{\topmargin}{-2.93912pt}.

[51 <./Tuáº§n 9-1-1.png> <./Tuáº§n 9-1-2.png> <./Tuáº§n 9-1-3.png>]
<Tuáº§n 9-2-1.png, id=1007, 1156.32pt x 650.43pt>
File: Tuáº§n 9-2-1.png Graphic file (type png)
<use Tuáº§n 9-2-1.png>
Package pdftex.def Info: Tuáº§n 9-2-1.png  used on input line 1751.
(pdftex.def)             Requested size: 132.30666pt x 74.41577pt.
<Tuáº§n 9-2-2.png, id=1008, 665.48625pt x 384.2355pt>
File: Tuáº§n 9-2-2.png Graphic file (type png)
<use Tuáº§n 9-2-2.png>
Package pdftex.def Info: Tuáº§n 9-2-2.png  used on input line 1753.
(pdftex.def)             Requested size: 132.30666pt x 76.38843pt.
<Tuáº§n 9-2-3.png, id=1009, 1156.32pt x 650.43pt>
File: Tuáº§n 9-2-3.png Graphic file (type png)
<use Tuáº§n 9-2-3.png>
Package pdftex.def Info: Tuáº§n 9-2-3.png  used on input line 1755.
(pdftex.def)             Requested size: 132.30666pt x 74.41577pt.
<Tuáº§n 9-2-4.png, id=1010, 666.69075pt x 383.031pt>
File: Tuáº§n 9-2-4.png Graphic file (type png)
<use Tuáº§n 9-2-4.png>
Package pdftex.def Info: Tuáº§n 9-2-4.png  used on input line 1757.
(pdftex.def)             Requested size: 132.30666pt x 76.00868pt.
<Tuáº§n 9-2-5.png, id=1011, 1156.32pt x 650.43pt>
File: Tuáº§n 9-2-5.png Graphic file (type png)
<use Tuáº§n 9-2-5.png>
Package pdftex.def Info: Tuáº§n 9-2-5.png  used on input line 1759.
(pdftex.def)             Requested size: 132.30666pt x 74.41577pt.
<Tuáº§n 9-2-6.png, id=1012, 1156.32pt x 650.43pt>
File: Tuáº§n 9-2-6.png Graphic file (type png)
<use Tuáº§n 9-2-6.png>
Package pdftex.def Info: Tuáº§n 9-2-6.png  used on input line 1761.
(pdftex.def)             Requested size: 132.30666pt x 74.41577pt.


Package fancyhdr Warning: \headheight is too small (12.0pt): 
(fancyhdr)                Make it at least 14.93912pt, for example:
(fancyhdr)                \setlength{\headheight}{14.93912pt}.
(fancyhdr)                You might also make \topmargin smaller to compensate:

(fancyhdr)                \addtolength{\topmargin}{-2.93912pt}.

[52 <./Tuáº§n 9-2-1.png> <./Tuáº§n 9-2-2.png> <./Tuáº§n 9-2-3.png> <./Tuáº§n 9-
2-4.png> <./Tuáº§n 9-2-5.png> <./Tuáº§n 9-2-6.png>]
<Tuáº§n 9-3.png, id=1046, 1156.32pt x 650.43pt>
File: Tuáº§n 9-3.png Graphic file (type png)
<use Tuáº§n 9-3.png>
Package pdftex.def Info: Tuáº§n 9-3.png  used on input line 1780.
(pdftex.def)             Requested size: 441.01773pt x 248.06912pt.

Overfull \hbox (126.452pt too wide) in paragraph at lines 1790--1791
[]\T5/cmr/m/n/13 Backup: mysql-dump --user=root --password=Supe!rPass1 --result
-file=c:\backup\classicmodels.sql
 []

<Tuáº§n 9-4.png, id=1047, 1156.32pt x 650.43pt>
File: Tuáº§n 9-4.png Graphic file (type png)
<use Tuáº§n 9-4.png>
Package pdftex.def Info: Tuáº§n 9-4.png  used on input line 1796.
(pdftex.def)             Requested size: 352.81552pt x 198.45529pt.

Package fancyhdr Warning: \headheight is too small (12.0pt): 
(fancyhdr)                Make it at least 14.93912pt, for example:
(fancyhdr)                \setlength{\headheight}{14.93912pt}.
(fancyhdr)                You might also make \topmargin smaller to compensate:

(fancyhdr)                \addtolength{\topmargin}{-2.93912pt}.

[53 <./Tuáº§n 9-3.png>]
<Tuáº§n 9-5.png, id=1054, 1156.32pt x 650.43pt>
File: Tuáº§n 9-5.png Graphic file (type png)
<use Tuáº§n 9-5.png>
Package pdftex.def Info: Tuáº§n 9-5.png  used on input line 1813.
(pdftex.def)             Requested size: 352.81552pt x 198.45529pt.


Package fancyhdr Warning: \headheight is too small (12.0pt): 
(fancyhdr)                Make it at least 14.93912pt, for example:
(fancyhdr)                \setlength{\headheight}{14.93912pt}.
(fancyhdr)                You might also make \topmargin smaller to compensate:

(fancyhdr)                \addtolength{\topmargin}{-2.93912pt}.

[54 <./Tuáº§n 9-4.png> <./Tuáº§n 9-5.png>]
Ch\uhorn \ohorn ng 2.
[55

]

Package fancyhdr Warning: \headheight is too small (12.0pt): 
(fancyhdr)                Make it at least 14.93912pt, for example:
(fancyhdr)                \setlength{\headheight}{14.93912pt}.
(fancyhdr)                You might also make \topmargin smaller to compensate:

(fancyhdr)                \addtolength{\topmargin}{-2.93912pt}.

[56] [57

] (Report.aux)

LaTeX Font Warning: Size substitutions with differences
(Font)              up to 1.0pt have occurred.


LaTeX Warning: Label(s) may have changed. Rerun to get cross-references right.


Package rerunfilecheck Warning: File `Report.out' has changed.
(rerunfilecheck)                Rerun to get outlines right
(rerunfilecheck)                or use package `bookmark'.

Package rerunfilecheck Info: Checksums for `Report.out':
(rerunfilecheck)             Before: <no file>
(rerunfilecheck)             After:  022995B7814C783A861A3891D0211951;5233.
 ) 
Here is how much of TeX's memory you used:
 15806 strings out of 478868
 238990 string characters out of 2848299
 750061 words of memory out of 3000000
 32736 multiletter control sequences out of 15000+600000
 422398 words of font info for 64 fonts, out of 8000000 for 9000
 1141 hyphenation exceptions out of 8191
 69i,12n,79p,542b,1963s stack positions out of 5000i,500n,10000p,200000b,80000s
 <C:\Users\Win 10\AppData\Local\MiKTeX\fonts/pk/ljfour/jknappen/ec/dpi600\tcr
m1200.pk><C:/Users/Win 10/AppData/Local/Programs/MiKTeX/fonts/type1/public/amsf
onts/cm/cmmi12.pfb><C:/Users/Win 10/AppData/Local/Programs/MiKTeX/fonts/type1/p
ublic/amsfonts/cm/cmmi9.pfb><C:/Users/Win 10/AppData/Local/Programs/MiKTeX/font
s/type1/public/amsfonts/cm/cmr12.pfb><C:/Users/Win 10/AppData/Local/Programs/Mi
KTeX/fonts/type1/public/amsfonts/cm/cmr9.pfb><C:/Users/Win 10/AppData/Local/Pro
grams/MiKTeX/fonts/type1/public/amsfonts/cm/cmsy10.pfb><C:/Users/Win 10/AppData
/Local/Programs/MiKTeX/fonts/type1/vntex/vnr/vnbx12.pfb><C:/Users/Win 10/AppDat
a/Local/Programs/MiKTeX/fonts/type1/vntex/vnr/vnr10.pfb><C:/Users/Win 10/AppDat
a/Local/Programs/MiKTeX/fonts/type1/vntex/vnr/vnr12.pfb><C:/Users/Win 10/AppDat
a/Local/Programs/MiKTeX/fonts/type1/vntex/vnr/vnti12.pfb><C:/Users/Win 10/AppDa
ta/Local/Programs/MiKTeX/fonts/type1/vntex/vnr/vntt10.pfb>
Output written on Report.pdf (60 pages, 50007070 bytes).
PDF statistics:
 1274 PDF objects out of 1440 (max. 8388607)
 690 named destinations out of 1000 (max. 500000)
 481 words of extra memory for PDF output out of 10000 (max. 10000000)

